TRACE::2024-02-09.17:12:03::SCWLinux::Copying the qemu file from  /home/daniel/Masterthesis/Petalinux/Petalinux_Platorm/resources/Petalinux_Platorm/linux_domain/qemu_args.txt To /home/daniel/Masterthesis/Petalinux/Petalinux_Platorm/export/Petalinux_Platorm/sw/Petalinux_Platorm/qemu/
TRACE::2024-02-09.17:12:03::SCWLinux::Copying the qemu file from  /home/daniel/Masterthesis/Petalinux/Petalinux_Platorm/resources/Petalinux_Platorm/linux_domain/qemu_args.txt To /home/daniel/Masterthesis/Petalinux/Petalinux_Platorm/export/Petalinux_Platorm/sw/Petalinux_Platorm/linux_domain/qemu/
TRACE::2024-02-09.17:12:03::SCWLinux:: Copying the user libraries. 
TRACE::2024-02-09.17:12:03::SCWLinux::Skipping the Petalinux build as image is already given.
TRACE::2024-02-09.17:27:39::SCWLinux::Copying the qemu file from  /home/daniel/Masterthesis/Petalinux/Petalinux_Platorm/resources/Petalinux_Platorm/linux_domain/qemu_args.txt To /home/daniel/Masterthesis/Petalinux/Petalinux_Platorm/export/Petalinux_Platorm/sw/Petalinux_Platorm/qemu/
TRACE::2024-02-09.17:27:39::SCWLinux::Copying the qemu file from  /home/daniel/Masterthesis/Petalinux/Petalinux_Platorm/resources/Petalinux_Platorm/linux_domain/qemu_args.txt To /home/daniel/Masterthesis/Petalinux/Petalinux_Platorm/export/Petalinux_Platorm/sw/Petalinux_Platorm/linux_domain/qemu/
TRACE::2024-02-09.17:27:39::SCWLinux:: Copying the user libraries. 
TRACE::2024-02-09.17:27:39::SCWLinux::Skipping the Petalinux build as image is already given.
TRACE::2024-02-12.18:55:03::SCWLinux::Copying the qemu file from  /home/daniel/Masterthesis/Petalinux/Petalinux_Platorm/resources/Petalinux_Platorm/linux_domain/qemu_args.txt To /home/daniel/Masterthesis/Petalinux/Petalinux_Platorm/export/Petalinux_Platorm/sw/Petalinux_Platorm/qemu/
TRACE::2024-02-12.18:55:03::SCWLinux::Copying the qemu file from  /home/daniel/Masterthesis/Petalinux/Petalinux_Platorm/resources/Petalinux_Platorm/linux_domain/qemu_args.txt To /home/daniel/Masterthesis/Petalinux/Petalinux_Platorm/export/Petalinux_Platorm/sw/Petalinux_Platorm/linux_domain/qemu/
TRACE::2024-02-12.18:55:03::SCWLinux:: Copying the user libraries. 
TRACE::2024-02-12.18:55:03::SCWLinux::Skipping the Petalinux build as image is already given.
TRACE::2024-02-13.11:22:01::SCWLinux::Copying the qemu file from  /home/daniel/Masterthesis/Petalinux/Petalinux_Platorm/resources/Petalinux_Platorm/linux_domain/qemu_args.txt To /home/daniel/Masterthesis/Petalinux/Petalinux_Platorm/export/Petalinux_Platorm/sw/Petalinux_Platorm/qemu/
TRACE::2024-02-13.11:22:01::SCWLinux::Copying the qemu file from  /home/daniel/Masterthesis/Petalinux/Petalinux_Platorm/resources/Petalinux_Platorm/linux_domain/qemu_args.txt To /home/daniel/Masterthesis/Petalinux/Petalinux_Platorm/export/Petalinux_Platorm/sw/Petalinux_Platorm/linux_domain/qemu/
TRACE::2024-02-13.11:22:01::SCWLinux:: Copying the user libraries. 
TRACE::2024-02-13.11:22:01::SCWLinux::Skipping the Petalinux build as image is already given.
TRACE::2024-02-13.12:09:37::SCWLinux::Copying the qemu file from  /home/daniel/Masterthesis/Petalinux/Petalinux_Platorm/resources/Petalinux_Platorm/linux_domain/qemu_args.txt To /home/daniel/Masterthesis/Petalinux/Petalinux_Platorm/export/Petalinux_Platorm/sw/Petalinux_Platorm/qemu/
TRACE::2024-02-13.12:09:37::SCWLinux::Copying the qemu file from  /home/daniel/Masterthesis/Petalinux/Petalinux_Platorm/resources/Petalinux_Platorm/linux_domain/qemu_args.txt To /home/daniel/Masterthesis/Petalinux/Petalinux_Platorm/export/Petalinux_Platorm/sw/Petalinux_Platorm/linux_domain/qemu/
TRACE::2024-02-13.12:09:37::SCWLinux:: Copying the user libraries. 
TRACE::2024-02-13.12:09:37::SCWLinux::Skipping the Petalinux build as image is already given.
TRACE::2024-02-13.12:31:37::SCWLinux::Copying the qemu file from  /home/daniel/Masterthesis/Petalinux/Petalinux_Platorm/resources/Petalinux_Platorm/linux_domain/qemu_args.txt To /home/daniel/Masterthesis/Petalinux/Petalinux_Platorm/export/Petalinux_Platorm/sw/Petalinux_Platorm/qemu/
TRACE::2024-02-13.12:31:37::SCWLinux::Copying the qemu file from  /home/daniel/Masterthesis/Petalinux/Petalinux_Platorm/resources/Petalinux_Platorm/linux_domain/qemu_args.txt To /home/daniel/Masterthesis/Petalinux/Petalinux_Platorm/export/Petalinux_Platorm/sw/Petalinux_Platorm/linux_domain/qemu/
TRACE::2024-02-13.12:31:37::SCWLinux:: Copying the user libraries. 
TRACE::2024-02-13.12:31:37::SCWLinux::Skipping the Petalinux build as image is already given.
TRACE::2024-02-14.15:27:59::SCWLinux::Copying the qemu file from  /home/daniel/Masterthesis/Petalinux/Petalinux_Platorm/resources/Petalinux_Platorm/linux_domain/qemu_args.txt To /home/daniel/Masterthesis/Petalinux/Petalinux_Platorm/export/Petalinux_Platorm/sw/Petalinux_Platorm/qemu/
TRACE::2024-02-14.15:27:59::SCWLinux::Copying the qemu file from  /home/daniel/Masterthesis/Petalinux/Petalinux_Platorm/resources/Petalinux_Platorm/linux_domain/qemu_args.txt To /home/daniel/Masterthesis/Petalinux/Petalinux_Platorm/export/Petalinux_Platorm/sw/Petalinux_Platorm/linux_domain/qemu/
TRACE::2024-02-14.15:27:59::SCWLinux:: Copying the user libraries. 
TRACE::2024-02-14.15:27:59::SCWLinux::Skipping the Petalinux build as image is already given.
TRACE::2024-02-15.11:57:45::SCWLinux::Copying the qemu file from  /home/daniel/Masterthesis/Petalinux/Petalinux_Platorm/resources/Petalinux_Platorm/linux_domain/qemu_args.txt To /home/daniel/Masterthesis/Petalinux/Petalinux_Platorm/export/Petalinux_Platorm/sw/Petalinux_Platorm/qemu/
TRACE::2024-02-15.11:57:45::SCWLinux::Copying the qemu file from  /home/daniel/Masterthesis/Petalinux/Petalinux_Platorm/resources/Petalinux_Platorm/linux_domain/qemu_args.txt To /home/daniel/Masterthesis/Petalinux/Petalinux_Platorm/export/Petalinux_Platorm/sw/Petalinux_Platorm/linux_domain/qemu/
TRACE::2024-02-15.11:57:45::SCWLinux:: Copying the user libraries. 
TRACE::2024-02-15.11:57:45::SCWLinux::Skipping the Petalinux build as image is already given.
TRACE::2024-02-19.17:30:13::SCWLinux::Copying the qemu file from  /home/daniel/Masterthesis/Petalinux/Petalinux_Platorm/resources/Petalinux_Platorm/linux_domain/qemu_args.txt To /home/daniel/Masterthesis/Petalinux/Petalinux_Platorm/export/Petalinux_Platorm/sw/Petalinux_Platorm/qemu/
TRACE::2024-02-19.17:30:13::SCWLinux::Copying the qemu file from  /home/daniel/Masterthesis/Petalinux/Petalinux_Platorm/resources/Petalinux_Platorm/linux_domain/qemu_args.txt To /home/daniel/Masterthesis/Petalinux/Petalinux_Platorm/export/Petalinux_Platorm/sw/Petalinux_Platorm/linux_domain/qemu/
TRACE::2024-02-19.17:30:13::SCWLinux:: Copying the user libraries. 
TRACE::2024-02-19.17:30:13::SCWLinux::Skipping the Petalinux build as image is already given.
TRACE::2024-02-19.17:33:53::SCWLinux::As boot directory and bif file are not specified, rootfs specified is not considered for generating the platform  
TRACE::2024-02-19.17:33:53::SCWLinux::Copying the qemu file from  /home/daniel/Masterthesis/Petalinux/Petalinux_Platorm/resources/Petalinux_Platorm/linux_domain/qemu_args.txt To /home/daniel/Masterthesis/Petalinux/Petalinux_Platorm/export/Petalinux_Platorm/sw/Petalinux_Platorm/qemu/
TRACE::2024-02-19.17:33:53::SCWLinux::Copying the qemu file from  /home/daniel/Masterthesis/Petalinux/Petalinux_Platorm/resources/Petalinux_Platorm/linux_domain/qemu_args.txt To /home/daniel/Masterthesis/Petalinux/Petalinux_Platorm/export/Petalinux_Platorm/sw/Petalinux_Platorm/linux_domain/qemu/
TRACE::2024-02-19.17:33:53::SCWLinux:: Copying the user libraries. 
TRACE::2024-02-19.17:33:53::SCWLinux::Skipping the Petalinux build as image is already given.
TRACE::2024-02-19.17:35:51::SCWLinux::Copying the qemu file from  /home/daniel/Masterthesis/Petalinux/Petalinux_Platorm/resources/Petalinux_Platorm/linux_domain/qemu_args.txt To /home/daniel/Masterthesis/Petalinux/Petalinux_Platorm/export/Petalinux_Platorm/sw/Petalinux_Platorm/qemu/
TRACE::2024-02-19.17:35:51::SCWLinux::Copying the qemu file from  /home/daniel/Masterthesis/Petalinux/Petalinux_Platorm/resources/Petalinux_Platorm/linux_domain/qemu_args.txt To /home/daniel/Masterthesis/Petalinux/Petalinux_Platorm/export/Petalinux_Platorm/sw/Petalinux_Platorm/linux_domain/qemu/
TRACE::2024-02-19.17:35:51::SCWLinux:: Copying the user libraries. 
TRACE::2024-02-19.17:35:51::SCWLinux::Skipping the Petalinux build as image is already given.
TRACE::2024-02-20.20:24:12::SCWLinux::Copying the qemu file from  /home/daniel/Masterthesis/Petalinux/Petalinux_Platorm/resources/Petalinux_Platorm/linux_domain/qemu_args.txt To /home/daniel/Masterthesis/Petalinux/Petalinux_Platorm/export/Petalinux_Platorm/sw/Petalinux_Platorm/qemu/
TRACE::2024-02-20.20:24:12::SCWLinux::Copying the qemu file from  /home/daniel/Masterthesis/Petalinux/Petalinux_Platorm/resources/Petalinux_Platorm/linux_domain/qemu_args.txt To /home/daniel/Masterthesis/Petalinux/Petalinux_Platorm/export/Petalinux_Platorm/sw/Petalinux_Platorm/linux_domain/qemu/
TRACE::2024-02-20.20:24:12::SCWLinux:: Copying the user libraries. 
TRACE::2024-02-20.20:24:12::SCWLinux::Skipping the Petalinux build as image is already given.
TRACE::2024-02-20.21:33:42::SCWLinux::Copying the qemu file from  /home/daniel/Masterthesis/Petalinux/Petalinux_Platorm/resources/Petalinux_Platorm/linux_domain/qemu_args.txt To /home/daniel/Masterthesis/Petalinux/Petalinux_Platorm/export/Petalinux_Platorm/sw/Petalinux_Platorm/qemu/
TRACE::2024-02-20.21:33:42::SCWLinux::Copying the qemu file from  /home/daniel/Masterthesis/Petalinux/Petalinux_Platorm/resources/Petalinux_Platorm/linux_domain/qemu_args.txt To /home/daniel/Masterthesis/Petalinux/Petalinux_Platorm/export/Petalinux_Platorm/sw/Petalinux_Platorm/linux_domain/qemu/
TRACE::2024-02-20.21:33:42::SCWLinux:: Copying the user libraries. 
TRACE::2024-02-20.21:33:42::SCWLinux::Skipping the Petalinux build as image is already given.
TRACE::2024-02-22.12:17:22::SCWLinux::Copying the qemu file from  /home/daniel/Masterthesis/Petalinux/Petalinux_Platorm/resources/Petalinux_Platorm/linux_domain/qemu_args.txt To /home/daniel/Masterthesis/Petalinux/Petalinux_Platorm/export/Petalinux_Platorm/sw/Petalinux_Platorm/qemu/
TRACE::2024-02-22.12:17:22::SCWLinux::Copying the qemu file from  /home/daniel/Masterthesis/Petalinux/Petalinux_Platorm/resources/Petalinux_Platorm/linux_domain/qemu_args.txt To /home/daniel/Masterthesis/Petalinux/Petalinux_Platorm/export/Petalinux_Platorm/sw/Petalinux_Platorm/linux_domain/qemu/
TRACE::2024-02-22.12:17:22::SCWLinux:: Copying the user libraries. 
TRACE::2024-02-22.12:17:22::SCWLinux::Skipping the Petalinux build as image is already given.
TRACE::2024-02-23.12:08:48::SCWLinux::Copying the qemu file from  /home/daniel/Masterthesis/Petalinux/Petalinux_Platorm/resources/Petalinux_Platorm/linux_domain/qemu_args.txt To /home/daniel/Masterthesis/Petalinux/Petalinux_Platorm/export/Petalinux_Platorm/sw/Petalinux_Platorm/qemu/
TRACE::2024-02-23.12:08:48::SCWLinux::Copying the qemu file from  /home/daniel/Masterthesis/Petalinux/Petalinux_Platorm/resources/Petalinux_Platorm/linux_domain/qemu_args.txt To /home/daniel/Masterthesis/Petalinux/Petalinux_Platorm/export/Petalinux_Platorm/sw/Petalinux_Platorm/linux_domain/qemu/
TRACE::2024-02-23.12:08:48::SCWLinux:: Copying the user libraries. 
TRACE::2024-02-23.12:08:48::SCWLinux::Skipping the Petalinux build as image is already given.
TRACE::2024-02-28.16:38:11::SCWLinux::Copying the qemu file from  /home/daniel/Masterthesis/Petalinux/Petalinux_Platorm/resources/Petalinux_Platorm/linux_domain/qemu_args.txt To /home/daniel/Masterthesis/Petalinux/Petalinux_Platorm/export/Petalinux_Platorm/sw/Petalinux_Platorm/qemu/
TRACE::2024-02-28.16:38:11::SCWLinux::Copying the qemu file from  /home/daniel/Masterthesis/Petalinux/Petalinux_Platorm/resources/Petalinux_Platorm/linux_domain/qemu_args.txt To /home/daniel/Masterthesis/Petalinux/Petalinux_Platorm/export/Petalinux_Platorm/sw/Petalinux_Platorm/linux_domain/qemu/
TRACE::2024-02-28.16:38:11::SCWLinux:: Copying the user libraries. 
TRACE::2024-02-28.16:38:11::SCWLinux::Skipping the Petalinux build as image is already given.
TRACE::2024-02-28.16:38:16::SCWLinux::Copying the qemu file from  /home/daniel/Masterthesis/Petalinux/Petalinux_Platorm/resources/Petalinux_Platorm/linux_domain/qemu_args.txt To /home/daniel/Masterthesis/Petalinux/Petalinux_Platorm/export/Petalinux_Platorm/sw/Petalinux_Platorm/qemu/
TRACE::2024-02-28.16:38:16::SCWLinux::Copying the qemu file from  /home/daniel/Masterthesis/Petalinux/Petalinux_Platorm/resources/Petalinux_Platorm/linux_domain/qemu_args.txt To /home/daniel/Masterthesis/Petalinux/Petalinux_Platorm/export/Petalinux_Platorm/sw/Petalinux_Platorm/linux_domain/qemu/
TRACE::2024-02-28.16:38:16::SCWLinux:: Copying the user libraries. 
TRACE::2024-02-28.16:38:16::SCWLinux::Skipping the Petalinux build as image is already given.
TRACE::2024-02-28.18:16:41::SCWLinux::Copying the qemu file from  /home/daniel/Masterthesis/Petalinux/Petalinux_Platorm/resources/Petalinux_Platorm/linux_domain/qemu_args.txt To /home/daniel/Masterthesis/Petalinux/Petalinux_Platorm/export/Petalinux_Platorm/sw/Petalinux_Platorm/qemu/
TRACE::2024-02-28.18:16:41::SCWLinux::Copying the qemu file from  /home/daniel/Masterthesis/Petalinux/Petalinux_Platorm/resources/Petalinux_Platorm/linux_domain/qemu_args.txt To /home/daniel/Masterthesis/Petalinux/Petalinux_Platorm/export/Petalinux_Platorm/sw/Petalinux_Platorm/linux_domain/qemu/
TRACE::2024-02-28.18:16:41::SCWLinux:: Copying the user libraries. 
TRACE::2024-02-28.18:16:41::SCWLinux::Skipping the Petalinux build as image is already given.
TRACE::2024-02-28.18:22:58::SCWLinux::Copying the qemu file from  /home/daniel/Masterthesis/Petalinux/Petalinux_Platorm/resources/Petalinux_Platorm/linux_domain/qemu_args.txt To /home/daniel/Masterthesis/Petalinux/Petalinux_Platorm/export/Petalinux_Platorm/sw/Petalinux_Platorm/qemu/
TRACE::2024-02-28.18:22:58::SCWLinux::Copying the qemu file from  /home/daniel/Masterthesis/Petalinux/Petalinux_Platorm/resources/Petalinux_Platorm/linux_domain/qemu_args.txt To /home/daniel/Masterthesis/Petalinux/Petalinux_Platorm/export/Petalinux_Platorm/sw/Petalinux_Platorm/linux_domain/qemu/
TRACE::2024-02-28.18:22:58::SCWLinux:: Copying the user libraries. 
TRACE::2024-02-28.18:22:58::SCWLinux::Skipping the Petalinux build as image is already given.
TRACE::2024-02-28.18:23:34::SCWLinux::Copying the qemu file from  /home/daniel/Masterthesis/Petalinux/Petalinux_Platorm/resources/Petalinux_Platorm/linux_domain/qemu_args.txt To /home/daniel/Masterthesis/Petalinux/Petalinux_Platorm/export/Petalinux_Platorm/sw/Petalinux_Platorm/qemu/
TRACE::2024-02-28.18:23:34::SCWLinux::Copying the qemu file from  /home/daniel/Masterthesis/Petalinux/Petalinux_Platorm/resources/Petalinux_Platorm/linux_domain/qemu_args.txt To /home/daniel/Masterthesis/Petalinux/Petalinux_Platorm/export/Petalinux_Platorm/sw/Petalinux_Platorm/linux_domain/qemu/
TRACE::2024-02-28.18:23:34::SCWLinux:: Copying the user libraries. 
TRACE::2024-02-28.18:23:34::SCWLinux::Skipping the Petalinux build as image is already given.
TRACE::2024-02-28.21:46:13::SCWLinux::Copying the qemu file from  /home/daniel/Masterthesis/Petalinux/Petalinux_Platorm/resources/Petalinux_Platorm/linux_domain/qemu_args.txt To /home/daniel/Masterthesis/Petalinux/Petalinux_Platorm/export/Petalinux_Platorm/sw/Petalinux_Platorm/qemu/
TRACE::2024-02-28.21:46:13::SCWLinux::Copying the qemu file from  /home/daniel/Masterthesis/Petalinux/Petalinux_Platorm/resources/Petalinux_Platorm/linux_domain/qemu_args.txt To /home/daniel/Masterthesis/Petalinux/Petalinux_Platorm/export/Petalinux_Platorm/sw/Petalinux_Platorm/linux_domain/qemu/
TRACE::2024-02-28.21:46:13::SCWLinux:: Copying the user libraries. 
TRACE::2024-02-28.21:46:13::SCWLinux::Skipping the Petalinux build as image is already given.
TRACE::2024-02-28.21:48:00::SCWLinux::Copying the qemu file from  /home/daniel/Masterthesis/Petalinux/Petalinux_Platorm/resources/Petalinux_Platorm/linux_domain/qemu_args.txt To /home/daniel/Masterthesis/Petalinux/Petalinux_Platorm/export/Petalinux_Platorm/sw/Petalinux_Platorm/qemu/
TRACE::2024-02-28.21:48:00::SCWLinux::Copying the qemu file from  /home/daniel/Masterthesis/Petalinux/Petalinux_Platorm/resources/Petalinux_Platorm/linux_domain/qemu_args.txt To /home/daniel/Masterthesis/Petalinux/Petalinux_Platorm/export/Petalinux_Platorm/sw/Petalinux_Platorm/linux_domain/qemu/
TRACE::2024-02-28.21:48:00::SCWLinux:: Copying the user libraries. 
TRACE::2024-02-28.21:48:00::SCWLinux::Skipping the Petalinux build as image is already given.
TRACE::2024-03-01.12:18:02::SCWLinux::Copying the qemu file from  /home/daniel/Masterthesis/Petalinux/Petalinux_Platorm/resources/Petalinux_Platorm/linux_domain/qemu_args.txt To /home/daniel/Masterthesis/Petalinux/Petalinux_Platorm/export/Petalinux_Platorm/sw/Petalinux_Platorm/qemu/
TRACE::2024-03-01.12:18:02::SCWLinux::Copying the qemu file from  /home/daniel/Masterthesis/Petalinux/Petalinux_Platorm/resources/Petalinux_Platorm/linux_domain/qemu_args.txt To /home/daniel/Masterthesis/Petalinux/Petalinux_Platorm/export/Petalinux_Platorm/sw/Petalinux_Platorm/linux_domain/qemu/
TRACE::2024-03-01.12:18:02::SCWLinux:: Copying the user libraries. 
TRACE::2024-03-01.12:18:02::SCWLinux::Skipping the Petalinux build as image is already given.
TRACE::2024-03-01.12:20:23::SCWLinux::Copying the qemu file from  /home/daniel/Masterthesis/Petalinux/Petalinux_Platorm/resources/Petalinux_Platorm/linux_domain/qemu_args.txt To /home/daniel/Masterthesis/Petalinux/Petalinux_Platorm/export/Petalinux_Platorm/sw/Petalinux_Platorm/qemu/
TRACE::2024-03-01.12:20:23::SCWLinux::Copying the qemu file from  /home/daniel/Masterthesis/Petalinux/Petalinux_Platorm/resources/Petalinux_Platorm/linux_domain/qemu_args.txt To /home/daniel/Masterthesis/Petalinux/Petalinux_Platorm/export/Petalinux_Platorm/sw/Petalinux_Platorm/linux_domain/qemu/
TRACE::2024-03-01.12:20:23::SCWLinux:: Copying the user libraries. 
TRACE::2024-03-01.12:20:23::SCWLinux::Skipping the Petalinux build as image is already given.
TRACE::2024-03-02.14:00:36::SCWLinux::Copying the qemu file from  /home/daniel/Masterthesis/Petalinux/Petalinux_Platorm/resources/Petalinux_Platorm/linux_domain/qemu_args.txt To /home/daniel/Masterthesis/Petalinux/Petalinux_Platorm/export/Petalinux_Platorm/sw/Petalinux_Platorm/qemu/
TRACE::2024-03-02.14:00:36::SCWLinux::Copying the qemu file from  /home/daniel/Masterthesis/Petalinux/Petalinux_Platorm/resources/Petalinux_Platorm/linux_domain/qemu_args.txt To /home/daniel/Masterthesis/Petalinux/Petalinux_Platorm/export/Petalinux_Platorm/sw/Petalinux_Platorm/linux_domain/qemu/
TRACE::2024-03-02.14:00:36::SCWLinux:: Copying the user libraries. 
TRACE::2024-03-02.14:00:36::SCWLinux::Skipping the Petalinux build as image is already given.
