
*** Running vivado
    with args -log ModuleTop.vds -m64 -product Vivado -mode batch -messageDb vivado.pb -notrace -source ModuleTop.tcl


****** Vivado v2023.1 (64-bit)
  **** SW Build 3865809 on Sun May  7 15:04:56 MDT 2023
  **** IP Build 3864474 on Sun May  7 20:36:21 MDT 2023
  **** SharedData Build 3865790 on Sun May 07 13:33:03 MDT 2023
    ** Copyright 1986-2022 Xilinx, Inc. All Rights Reserved.
    ** Copyright 2022-2023 Advanced Micro Devices, Inc. All Rights Reserved.

source ModuleTop.tcl -notrace
create_project: Time (s): cpu = 00:00:07 ; elapsed = 00:00:08 . Memory (MB): peak = 2062.809 ; gain = 125.992 ; free physical = 1201 ; free virtual = 3205
INFO: [IP_Flow 19-234] Refreshing IP repositories
INFO: [IP_Flow 19-1704] No user IP repositories specified
INFO: [IP_Flow 19-2313] Loaded Vivado IP repository '/tools/Xilinx/Vivado/2023.1/data/ip'.
Command: read_checkpoint -auto_incremental -incremental /home/daniel/Masterthesis/GB_MASTER_UNIT/GB_MASTER_UNIT.srcs/utils_1/imports/synth_1/ModuleTop.dcp
INFO: [Vivado 12-5825] Read reference checkpoint from /home/daniel/Masterthesis/GB_MASTER_UNIT/GB_MASTER_UNIT.srcs/utils_1/imports/synth_1/ModuleTop.dcp for incremental synthesis
INFO: [Vivado 12-7989] Please ensure there are no constraint changes
Command: synth_design -top ModuleTop -part xc7z020clg400-1
Starting synth_design
Attempting to get a license for feature 'Synthesis' and/or device 'xc7z020'
INFO: [Common 17-349] Got license for feature 'Synthesis' and/or device 'xc7z020'
INFO: [Device 21-403] Loading part xc7z020clg400-1
INFO: [Designutils 20-5440] No compile time benefit to using incremental synthesis; A full resynthesis will be run
INFO: [Designutils 20-4379] Flow is switching to default flow due to incremental criteria not met. If you would like to alter this behaviour and have the flow terminate instead, please set the following parameter config_implementation {autoIncr.Synth.RejectBehavior Terminate}
INFO: [Synth 8-7079] Multithreading enabled for synth_design using a maximum of 4 processes.
INFO: [Synth 8-7078] Launching helper process for spawning children vivado processes
INFO: [Synth 8-7075] Helper process launched with PID 47265
---------------------------------------------------------------------------------
Starting RTL Elaboration : Time (s): cpu = 00:00:04 ; elapsed = 00:00:04 . Memory (MB): peak = 2842.609 ; gain = 380.738 ; free physical = 280 ; free virtual = 2177
---------------------------------------------------------------------------------
INFO: [Synth 8-638] synthesizing module 'ModuleTop' [/home/daniel/Masterthesis/GB_MASTER_UNIT/Own_Files/VHDL_files/top.vhdl:67]
INFO: [Synth 8-638] synthesizing module 'UART_RX' [/home/daniel/Masterthesis/GB_MASTER_UNIT/Own_Files/VHDL_files/UART_RX.vhd:24]
	Parameter g_CLKS_PER_BIT bound to: 1085 - type: integer 
INFO: [Synth 8-256] done synthesizing module 'UART_RX' (0#1) [/home/daniel/Masterthesis/GB_MASTER_UNIT/Own_Files/VHDL_files/UART_RX.vhd:24]
INFO: [Synth 8-638] synthesizing module 'UART_TX' [/home/daniel/Masterthesis/GB_MASTER_UNIT/Own_Files/VHDL_files/UART_TX.vhd:26]
	Parameter g_CLKS_PER_BIT bound to: 1085 - type: integer 
INFO: [Synth 8-256] done synthesizing module 'UART_TX' (0#1) [/home/daniel/Masterthesis/GB_MASTER_UNIT/Own_Files/VHDL_files/UART_TX.vhd:26]
INFO: [Synth 8-638] synthesizing module 'GB_UNIT_design_wrapper' [/home/daniel/Masterthesis/GB_MASTER_UNIT/GB_MASTER_UNIT.srcs/sources_1/imports/hdl/GB_UNIT_design_wrapper.vhd:48]
INFO: [Synth 8-3491] module 'GB_UNIT_design' declared at '/home/daniel/Masterthesis/GB_MASTER_UNIT/GB_MASTER_UNIT.gen/sources_1/bd/GB_UNIT_design/synth/GB_UNIT_design.vhd:15' bound to instance 'GB_UNIT_design_i' of component 'GB_UNIT_design' [/home/daniel/Masterthesis/GB_MASTER_UNIT/GB_MASTER_UNIT.srcs/sources_1/imports/hdl/GB_UNIT_design_wrapper.vhd:82]
INFO: [Synth 8-638] synthesizing module 'GB_UNIT_design' [/home/daniel/Masterthesis/GB_MASTER_UNIT/GB_MASTER_UNIT.gen/sources_1/bd/GB_UNIT_design/synth/GB_UNIT_design.vhd:52]
INFO: [Synth 8-3491] module 'GB_UNIT_design_axi_bram_ctrl_0_0' declared at '/home/daniel/Masterthesis/GB_MASTER_UNIT/GB_MASTER_UNIT.runs/synth_1/.Xil/Vivado-47229-Acer/realtime/GB_UNIT_design_axi_bram_ctrl_0_0_stub.vhdl:6' bound to instance 'axi_bram_ctrl_0' of component 'GB_UNIT_design_axi_bram_ctrl_0_0' [/home/daniel/Masterthesis/GB_MASTER_UNIT/GB_MASTER_UNIT.gen/sources_1/bd/GB_UNIT_design/synth/GB_UNIT_design.vhd:406]
INFO: [Synth 8-638] synthesizing module 'GB_UNIT_design_axi_bram_ctrl_0_0' [/home/daniel/Masterthesis/GB_MASTER_UNIT/GB_MASTER_UNIT.runs/synth_1/.Xil/Vivado-47229-Acer/realtime/GB_UNIT_design_axi_bram_ctrl_0_0_stub.vhdl:52]
INFO: [Synth 8-3491] module 'GB_UNIT_design_axi_smc_0' declared at '/home/daniel/Masterthesis/GB_MASTER_UNIT/GB_MASTER_UNIT.runs/synth_1/.Xil/Vivado-47229-Acer/realtime/GB_UNIT_design_axi_smc_0_stub.vhdl:6' bound to instance 'axi_smc' of component 'GB_UNIT_design_axi_smc_0' [/home/daniel/Masterthesis/GB_MASTER_UNIT/GB_MASTER_UNIT.gen/sources_1/bd/GB_UNIT_design/synth/GB_UNIT_design.vhd:449]
INFO: [Synth 8-638] synthesizing module 'GB_UNIT_design_axi_smc_0' [/home/daniel/Masterthesis/GB_MASTER_UNIT/GB_MASTER_UNIT.runs/synth_1/.Xil/Vivado-47229-Acer/realtime/GB_UNIT_design_axi_smc_0_stub.vhdl:85]
INFO: [Synth 8-3491] module 'GB_UNIT_design_processing_system7_0_0' declared at '/home/daniel/Masterthesis/GB_MASTER_UNIT/GB_MASTER_UNIT.runs/synth_1/.Xil/Vivado-47229-Acer/realtime/GB_UNIT_design_processing_system7_0_0_stub.vhdl:6' bound to instance 'processing_system7_0' of component 'GB_UNIT_design_processing_system7_0_0' [/home/daniel/Masterthesis/GB_MASTER_UNIT/GB_MASTER_UNIT.gen/sources_1/bd/GB_UNIT_design/synth/GB_UNIT_design.vhd:525]
INFO: [Synth 8-638] synthesizing module 'GB_UNIT_design_processing_system7_0_0' [/home/daniel/Masterthesis/GB_MASTER_UNIT/GB_MASTER_UNIT.runs/synth_1/.Xil/Vivado-47229-Acer/realtime/GB_UNIT_design_processing_system7_0_0_stub.vhdl:77]
INFO: [Synth 8-3491] module 'GB_UNIT_design_rst_ps7_0_50M_0' declared at '/home/daniel/Masterthesis/GB_MASTER_UNIT/GB_MASTER_UNIT.runs/synth_1/.Xil/Vivado-47229-Acer/realtime/GB_UNIT_design_rst_ps7_0_50M_0_stub.vhdl:6' bound to instance 'rst_ps7_0_50M' of component 'GB_UNIT_design_rst_ps7_0_50M_0' [/home/daniel/Masterthesis/GB_MASTER_UNIT/GB_MASTER_UNIT.gen/sources_1/bd/GB_UNIT_design/synth/GB_UNIT_design.vhd:593]
INFO: [Synth 8-638] synthesizing module 'GB_UNIT_design_rst_ps7_0_50M_0' [/home/daniel/Masterthesis/GB_MASTER_UNIT/GB_MASTER_UNIT.runs/synth_1/.Xil/Vivado-47229-Acer/realtime/GB_UNIT_design_rst_ps7_0_50M_0_stub.vhdl:22]
INFO: [Synth 8-256] done synthesizing module 'GB_UNIT_design' (0#1) [/home/daniel/Masterthesis/GB_MASTER_UNIT/GB_MASTER_UNIT.gen/sources_1/bd/GB_UNIT_design/synth/GB_UNIT_design.vhd:52]
INFO: [Synth 8-256] done synthesizing module 'GB_UNIT_design_wrapper' (0#1) [/home/daniel/Masterthesis/GB_MASTER_UNIT/GB_MASTER_UNIT.srcs/sources_1/imports/hdl/GB_UNIT_design_wrapper.vhd:48]
INFO: [Synth 8-638] synthesizing module 'blk_mem_gen_0' [/home/daniel/Masterthesis/GB_MASTER_UNIT/GB_MASTER_UNIT.runs/synth_1/.Xil/Vivado-47229-Acer/realtime/blk_mem_gen_0_stub.vhdl:24]
INFO: [Synth 8-256] done synthesizing module 'ModuleTop' (0#1) [/home/daniel/Masterthesis/GB_MASTER_UNIT/Own_Files/VHDL_files/top.vhdl:67]
WARNING: [Synth 8-3848] Net LED in module/entity ModuleTop does not have driver. [/home/daniel/Masterthesis/GB_MASTER_UNIT/Own_Files/VHDL_files/top.vhdl:64]
WARNING: [Synth 8-7129] Port LED in module ModuleTop is either unconnected or has no load
WARNING: [Synth 8-7129] Port i_MS_SLV in module ModuleTop is either unconnected or has no load
WARNING: [Synth 8-7129] Port resetbutton in module ModuleTop is either unconnected or has no load
---------------------------------------------------------------------------------
Finished RTL Elaboration : Time (s): cpu = 00:00:06 ; elapsed = 00:00:06 . Memory (MB): peak = 2914.516 ; gain = 452.645 ; free physical = 254 ; free virtual = 2100
---------------------------------------------------------------------------------
---------------------------------------------------------------------------------
Start Handling Custom Attributes
---------------------------------------------------------------------------------
---------------------------------------------------------------------------------
Finished Handling Custom Attributes : Time (s): cpu = 00:00:06 ; elapsed = 00:00:06 . Memory (MB): peak = 2929.359 ; gain = 467.488 ; free physical = 251 ; free virtual = 2095
---------------------------------------------------------------------------------
---------------------------------------------------------------------------------
Finished RTL Optimization Phase 1 : Time (s): cpu = 00:00:06 ; elapsed = 00:00:06 . Memory (MB): peak = 2929.359 ; gain = 467.488 ; free physical = 251 ; free virtual = 2095
---------------------------------------------------------------------------------
Netlist sorting complete. Time (s): cpu = 00:00:00.01 ; elapsed = 00:00:00 . Memory (MB): peak = 2929.359 ; gain = 0.000 ; free physical = 251 ; free virtual = 2095
INFO: [Project 1-570] Preparing netlist for logic optimization

Processing XDC Constraints
Initializing timing engine
Parsing XDC File [/home/daniel/Masterthesis/GB_MASTER_UNIT/GB_MASTER_UNIT.gen/sources_1/bd/GB_UNIT_design/ip/GB_UNIT_design_processing_system7_0_0/GB_UNIT_design_processing_system7_0_0/GB_UNIT_design_processing_system7_0_0_in_context.xdc] for cell 'zynq_ps_interface_inst/GB_UNIT_design_i/processing_system7_0'
Finished Parsing XDC File [/home/daniel/Masterthesis/GB_MASTER_UNIT/GB_MASTER_UNIT.gen/sources_1/bd/GB_UNIT_design/ip/GB_UNIT_design_processing_system7_0_0/GB_UNIT_design_processing_system7_0_0/GB_UNIT_design_processing_system7_0_0_in_context.xdc] for cell 'zynq_ps_interface_inst/GB_UNIT_design_i/processing_system7_0'
Parsing XDC File [/home/daniel/Masterthesis/GB_MASTER_UNIT/GB_MASTER_UNIT.gen/sources_1/bd/GB_UNIT_design/ip/GB_UNIT_design_axi_bram_ctrl_0_0/GB_UNIT_design_axi_bram_ctrl_0_0/GB_UNIT_design_axi_bram_ctrl_0_0_in_context.xdc] for cell 'zynq_ps_interface_inst/GB_UNIT_design_i/axi_bram_ctrl_0'
Finished Parsing XDC File [/home/daniel/Masterthesis/GB_MASTER_UNIT/GB_MASTER_UNIT.gen/sources_1/bd/GB_UNIT_design/ip/GB_UNIT_design_axi_bram_ctrl_0_0/GB_UNIT_design_axi_bram_ctrl_0_0/GB_UNIT_design_axi_bram_ctrl_0_0_in_context.xdc] for cell 'zynq_ps_interface_inst/GB_UNIT_design_i/axi_bram_ctrl_0'
Parsing XDC File [/home/daniel/Masterthesis/GB_MASTER_UNIT/GB_MASTER_UNIT.gen/sources_1/bd/GB_UNIT_design/ip/GB_UNIT_design_axi_smc_0/GB_UNIT_design_axi_smc_0/GB_UNIT_design_axi_smc_0_in_context.xdc] for cell 'zynq_ps_interface_inst/GB_UNIT_design_i/axi_smc'
Finished Parsing XDC File [/home/daniel/Masterthesis/GB_MASTER_UNIT/GB_MASTER_UNIT.gen/sources_1/bd/GB_UNIT_design/ip/GB_UNIT_design_axi_smc_0/GB_UNIT_design_axi_smc_0/GB_UNIT_design_axi_smc_0_in_context.xdc] for cell 'zynq_ps_interface_inst/GB_UNIT_design_i/axi_smc'
Parsing XDC File [/home/daniel/Masterthesis/GB_MASTER_UNIT/GB_MASTER_UNIT.gen/sources_1/bd/GB_UNIT_design/ip/GB_UNIT_design_rst_ps7_0_50M_0/GB_UNIT_design_rst_ps7_0_50M_0/GB_UNIT_design_rst_ps7_0_50M_0_in_context.xdc] for cell 'zynq_ps_interface_inst/GB_UNIT_design_i/rst_ps7_0_50M'
Finished Parsing XDC File [/home/daniel/Masterthesis/GB_MASTER_UNIT/GB_MASTER_UNIT.gen/sources_1/bd/GB_UNIT_design/ip/GB_UNIT_design_rst_ps7_0_50M_0/GB_UNIT_design_rst_ps7_0_50M_0/GB_UNIT_design_rst_ps7_0_50M_0_in_context.xdc] for cell 'zynq_ps_interface_inst/GB_UNIT_design_i/rst_ps7_0_50M'
Parsing XDC File [/home/daniel/Masterthesis/GB_MASTER_UNIT/GB_MASTER_UNIT.gen/sources_1/ip/blk_mem_gen_0/blk_mem_gen_0/blk_mem_gen_0_in_context.xdc] for cell 'blk_mem_gen0_inst'
Finished Parsing XDC File [/home/daniel/Masterthesis/GB_MASTER_UNIT/GB_MASTER_UNIT.gen/sources_1/ip/blk_mem_gen_0/blk_mem_gen_0/blk_mem_gen_0_in_context.xdc] for cell 'blk_mem_gen0_inst'
Parsing XDC File [/home/daniel/Masterthesis/GB_MASTER_UNIT/Own_Files/constraints/Zybo-Z7-Master.xdc]
WARNING: [Vivado 12-584] No ports matched 'sysclk'. [/home/daniel/Masterthesis/GB_MASTER_UNIT/Own_Files/constraints/Zybo-Z7-Master.xdc:8]
WARNING: [Vivado 12-584] No ports matched 'sysclk'. [/home/daniel/Masterthesis/GB_MASTER_UNIT/Own_Files/constraints/Zybo-Z7-Master.xdc:9]
WARNING: [Vivado 12-584] No ports matched 'switch0'. [/home/daniel/Masterthesis/GB_MASTER_UNIT/Own_Files/constraints/Zybo-Z7-Master.xdc:13]
WARNING: [Vivado 12-584] No ports matched 'switch1'. [/home/daniel/Masterthesis/GB_MASTER_UNIT/Own_Files/constraints/Zybo-Z7-Master.xdc:14]
WARNING: [Vivado 12-584] No ports matched 'switch2'. [/home/daniel/Masterthesis/GB_MASTER_UNIT/Own_Files/constraints/Zybo-Z7-Master.xdc:15]
WARNING: [Vivado 12-584] No ports matched 'switch3'. [/home/daniel/Masterthesis/GB_MASTER_UNIT/Own_Files/constraints/Zybo-Z7-Master.xdc:16]
WARNING: [Vivado 12-584] No ports matched 'tradebutton'. [/home/daniel/Masterthesis/GB_MASTER_UNIT/Own_Files/constraints/Zybo-Z7-Master.xdc:21]
Finished Parsing XDC File [/home/daniel/Masterthesis/GB_MASTER_UNIT/Own_Files/constraints/Zybo-Z7-Master.xdc]
WARNING: [Project 1-498] One or more constraints failed evaluation while reading constraint file [/home/daniel/Masterthesis/GB_MASTER_UNIT/Own_Files/constraints/Zybo-Z7-Master.xdc] and the design contains unresolved black boxes. These constraints will be read post-synthesis (as long as their source constraint file is marked as used_in_implementation) and should be applied correctly then. You should review the constraints listed in the file [.Xil/ModuleTop_propImpl.xdc] and check the run log file to verify that these constraints were correctly applied.
INFO: [Project 1-236] Implementation specific constraints were found while reading constraint file [/home/daniel/Masterthesis/GB_MASTER_UNIT/Own_Files/constraints/Zybo-Z7-Master.xdc]. These constraints will be ignored for synthesis but will be used in implementation. Impacted constraints are listed in the file [.Xil/ModuleTop_propImpl.xdc].
Resolution: To avoid this warning, move constraints listed in [.Xil/ModuleTop_propImpl.xdc] to another XDC file and exclude this new file from synthesis with the used_in_synthesis property (File Properties dialog in GUI) and re-run elaboration/synthesis.
Parsing XDC File [/home/daniel/Masterthesis/GB_MASTER_UNIT/GB_MASTER_UNIT.runs/synth_1/dont_touch.xdc]
Finished Parsing XDC File [/home/daniel/Masterthesis/GB_MASTER_UNIT/GB_MASTER_UNIT.runs/synth_1/dont_touch.xdc]
Completed Processing XDC Constraints

Netlist sorting complete. Time (s): cpu = 00:00:00 ; elapsed = 00:00:00 . Memory (MB): peak = 3066.109 ; gain = 0.000 ; free physical = 240 ; free virtual = 2080
INFO: [Project 1-111] Unisim Transformation Summary:
No Unisim elements were transformed.

Constraint Validation Runtime : Time (s): cpu = 00:00:00 ; elapsed = 00:00:00.01 . Memory (MB): peak = 3066.109 ; gain = 0.000 ; free physical = 240 ; free virtual = 2080
WARNING: [Timing 38-316] Clock period '20.000' specified during out-of-context synthesis of instance 'blk_mem_gen0_inst' at clock pin 'clka' is different from the actual clock period '8.000', this can lead to different synthesis results.
INFO: [Designutils 20-5440] No compile time benefit to using incremental synthesis; A full resynthesis will be run
INFO: [Designutils 20-4379] Flow is switching to default flow due to incremental criteria not met. If you would like to alter this behaviour and have the flow terminate instead, please set the following parameter config_implementation {autoIncr.Synth.RejectBehavior Terminate}
---------------------------------------------------------------------------------
Finished Constraint Validation : Time (s): cpu = 00:00:12 ; elapsed = 00:00:13 . Memory (MB): peak = 3066.109 ; gain = 604.238 ; free physical = 237 ; free virtual = 2077
---------------------------------------------------------------------------------
---------------------------------------------------------------------------------
Start Loading Part and Timing Information
---------------------------------------------------------------------------------
Loading part: xc7z020clg400-1
---------------------------------------------------------------------------------
Finished Loading Part and Timing Information : Time (s): cpu = 00:00:12 ; elapsed = 00:00:13 . Memory (MB): peak = 3066.109 ; gain = 604.238 ; free physical = 237 ; free virtual = 2077
---------------------------------------------------------------------------------
---------------------------------------------------------------------------------
Start Applying 'set_property' XDC Constraints
---------------------------------------------------------------------------------
Applied set_property KEEP_HIERARCHY = SOFT for zynq_ps_interface_inst/GB_UNIT_design_i. (constraint file  auto generated constraint).
Applied set_property KEEP_HIERARCHY = SOFT for zynq_ps_interface_inst/GB_UNIT_design_i/processing_system7_0. (constraint file  auto generated constraint).
Applied set_property KEEP_HIERARCHY = SOFT for zynq_ps_interface_inst/GB_UNIT_design_i/axi_bram_ctrl_0. (constraint file  auto generated constraint).
Applied set_property KEEP_HIERARCHY = SOFT for zynq_ps_interface_inst/GB_UNIT_design_i/axi_smc. (constraint file  auto generated constraint).
Applied set_property KEEP_HIERARCHY = SOFT for zynq_ps_interface_inst/GB_UNIT_design_i/rst_ps7_0_50M. (constraint file  auto generated constraint).
Applied set_property KEEP_HIERARCHY = SOFT for blk_mem_gen0_inst. (constraint file  auto generated constraint).
---------------------------------------------------------------------------------
Finished applying 'set_property' XDC Constraints : Time (s): cpu = 00:00:12 ; elapsed = 00:00:13 . Memory (MB): peak = 3066.109 ; gain = 604.238 ; free physical = 237 ; free virtual = 2077
---------------------------------------------------------------------------------
INFO: [Synth 8-802] inferred FSM for state register 'r_SM_Main_reg' in module 'UART_TX'
---------------------------------------------------------------------------------------------------
                   State |                     New Encoding |                Previous Encoding 
---------------------------------------------------------------------------------------------------
                  s_idle |                              000 |                              000
          s_tx_start_bit |                              001 |                              001
          s_tx_data_bits |                              010 |                              010
           s_tx_stop_bit |                              011 |                              011
               s_cleanup |                              100 |                              100
---------------------------------------------------------------------------------------------------
INFO: [Synth 8-3354] encoded FSM with state register 'r_SM_Main_reg' using encoding 'sequential' in module 'UART_TX'
---------------------------------------------------------------------------------
Finished RTL Optimization Phase 2 : Time (s): cpu = 00:00:13 ; elapsed = 00:00:13 . Memory (MB): peak = 3066.109 ; gain = 604.238 ; free physical = 236 ; free virtual = 2069
---------------------------------------------------------------------------------
---------------------------------------------------------------------------------
Start RTL Component Statistics 
---------------------------------------------------------------------------------
Detailed RTL Component Info : 
+---Adders : 
	   2 Input   11 Bit       Adders := 3     
	   2 Input    4 Bit       Adders := 2     
+---Registers : 
	               32 Bit    Registers := 1     
	               16 Bit    Registers := 2     
	               11 Bit    Registers := 3     
	                4 Bit    Registers := 2     
	                3 Bit    Registers := 1     
	                1 Bit    Registers := 7     
+---Muxes : 
	   6 Input   16 Bit        Muxes := 1     
	   2 Input   16 Bit        Muxes := 1     
	   2 Input   11 Bit        Muxes := 2     
	   6 Input   11 Bit        Muxes := 1     
	   4 Input   11 Bit        Muxes := 1     
	   2 Input    4 Bit        Muxes := 2     
	   2 Input    3 Bit        Muxes := 6     
	   5 Input    3 Bit        Muxes := 1     
	   2 Input    2 Bit        Muxes := 1     
	   3 Input    2 Bit        Muxes := 1     
	   6 Input    1 Bit        Muxes := 2     
	   5 Input    1 Bit        Muxes := 10    
	   2 Input    1 Bit        Muxes := 2     
---------------------------------------------------------------------------------
Finished RTL Component Statistics 
---------------------------------------------------------------------------------
---------------------------------------------------------------------------------
Start Part Resource Summary
---------------------------------------------------------------------------------
Part Resources:
DSPs: 220 (col length:60)
BRAMs: 280 (col length: RAMB18 60 RAMB36 30)
---------------------------------------------------------------------------------
Finished Part Resource Summary
---------------------------------------------------------------------------------
---------------------------------------------------------------------------------
Start Cross Boundary and Area Optimization
---------------------------------------------------------------------------------
WARNING: [Synth 8-7080] Parallel synthesis criteria is not met
WARNING: [Synth 8-7129] Port LED in module ModuleTop is either unconnected or has no load
WARNING: [Synth 8-7129] Port i_MS_SLV in module ModuleTop is either unconnected or has no load
WARNING: [Synth 8-7129] Port resetbutton in module ModuleTop is either unconnected or has no load
WARNING: [Synth 8-3332] Sequential element (UART_TX_INST/FSM_sequential_r_SM_Main_reg[2]) is unused and will be removed from module ModuleTop.
WARNING: [Synth 8-3332] Sequential element (UART_TX_INST/FSM_sequential_r_SM_Main_reg[1]) is unused and will be removed from module ModuleTop.
WARNING: [Synth 8-3332] Sequential element (UART_TX_INST/FSM_sequential_r_SM_Main_reg[0]) is unused and will be removed from module ModuleTop.
---------------------------------------------------------------------------------
Finished Cross Boundary and Area Optimization : Time (s): cpu = 00:00:14 ; elapsed = 00:00:15 . Memory (MB): peak = 3066.109 ; gain = 604.238 ; free physical = 224 ; free virtual = 2046
---------------------------------------------------------------------------------
---------------------------------------------------------------------------------
Start Applying XDC Timing Constraints
---------------------------------------------------------------------------------
---------------------------------------------------------------------------------
Finished Applying XDC Timing Constraints : Time (s): cpu = 00:00:19 ; elapsed = 00:00:19 . Memory (MB): peak = 3066.109 ; gain = 604.238 ; free physical = 221 ; free virtual = 2045
---------------------------------------------------------------------------------
---------------------------------------------------------------------------------
Start Timing Optimization
---------------------------------------------------------------------------------
---------------------------------------------------------------------------------
Finished Timing Optimization : Time (s): cpu = 00:00:19 ; elapsed = 00:00:20 . Memory (MB): peak = 3066.109 ; gain = 604.238 ; free physical = 221 ; free virtual = 2045
---------------------------------------------------------------------------------
---------------------------------------------------------------------------------
Start Technology Mapping
---------------------------------------------------------------------------------
---------------------------------------------------------------------------------
Finished Technology Mapping : Time (s): cpu = 00:00:19 ; elapsed = 00:00:20 . Memory (MB): peak = 3066.109 ; gain = 604.238 ; free physical = 221 ; free virtual = 2045
---------------------------------------------------------------------------------
---------------------------------------------------------------------------------
Start IO Insertion
---------------------------------------------------------------------------------
---------------------------------------------------------------------------------
Start Flattening Before IO Insertion
---------------------------------------------------------------------------------
---------------------------------------------------------------------------------
Finished Flattening Before IO Insertion
---------------------------------------------------------------------------------
---------------------------------------------------------------------------------
Start Final Netlist Cleanup
---------------------------------------------------------------------------------
---------------------------------------------------------------------------------
Finished Final Netlist Cleanup
---------------------------------------------------------------------------------
---------------------------------------------------------------------------------
Finished IO Insertion : Time (s): cpu = 00:00:23 ; elapsed = 00:00:23 . Memory (MB): peak = 3066.109 ; gain = 604.238 ; free physical = 221 ; free virtual = 2045
---------------------------------------------------------------------------------
---------------------------------------------------------------------------------
Start Renaming Generated Instances
---------------------------------------------------------------------------------
---------------------------------------------------------------------------------
Finished Renaming Generated Instances : Time (s): cpu = 00:00:23 ; elapsed = 00:00:23 . Memory (MB): peak = 3066.109 ; gain = 604.238 ; free physical = 221 ; free virtual = 2045
---------------------------------------------------------------------------------
---------------------------------------------------------------------------------
Start Rebuilding User Hierarchy
---------------------------------------------------------------------------------
---------------------------------------------------------------------------------
Finished Rebuilding User Hierarchy : Time (s): cpu = 00:00:23 ; elapsed = 00:00:23 . Memory (MB): peak = 3066.109 ; gain = 604.238 ; free physical = 221 ; free virtual = 2045
---------------------------------------------------------------------------------
---------------------------------------------------------------------------------
Start Renaming Generated Ports
---------------------------------------------------------------------------------
---------------------------------------------------------------------------------
Finished Renaming Generated Ports : Time (s): cpu = 00:00:23 ; elapsed = 00:00:23 . Memory (MB): peak = 3066.109 ; gain = 604.238 ; free physical = 221 ; free virtual = 2045
---------------------------------------------------------------------------------
---------------------------------------------------------------------------------
Start Handling Custom Attributes
---------------------------------------------------------------------------------
---------------------------------------------------------------------------------
Finished Handling Custom Attributes : Time (s): cpu = 00:00:23 ; elapsed = 00:00:23 . Memory (MB): peak = 3066.109 ; gain = 604.238 ; free physical = 221 ; free virtual = 2045
---------------------------------------------------------------------------------
---------------------------------------------------------------------------------
Start Renaming Generated Nets
---------------------------------------------------------------------------------
---------------------------------------------------------------------------------
Finished Renaming Generated Nets : Time (s): cpu = 00:00:23 ; elapsed = 00:00:23 . Memory (MB): peak = 3066.109 ; gain = 604.238 ; free physical = 221 ; free virtual = 2045
---------------------------------------------------------------------------------
---------------------------------------------------------------------------------
Start Writing Synthesis Report
---------------------------------------------------------------------------------

Report BlackBoxes: 
+------+--------------------------------------+----------+
|      |BlackBox name                         |Instances |
+------+--------------------------------------+----------+
|1     |blk_mem_gen_0                         |         1|
|2     |GB_UNIT_design_axi_bram_ctrl_0_0      |         1|
|3     |GB_UNIT_design_axi_smc_0              |         1|
|4     |GB_UNIT_design_processing_system7_0_0 |         1|
|5     |GB_UNIT_design_rst_ps7_0_50M_0        |         1|
+------+--------------------------------------+----------+

Report Cell Usage: 
+------+-------------------------------------------+------+
|      |Cell                                       |Count |
+------+-------------------------------------------+------+
|1     |GB_UNIT_design_axi_bram_ctrl_0_0_bbox      |     1|
|2     |GB_UNIT_design_axi_smc_0_bbox              |     1|
|3     |GB_UNIT_design_processing_system7_0_0_bbox |     1|
|4     |GB_UNIT_design_rst_ps7_0_50M_0_bbox        |     1|
|5     |blk_mem_gen                                |     1|
|6     |LUT1                                       |     1|
|7     |LUT2                                       |    12|
|8     |LUT3                                       |     8|
|9     |LUT4                                       |    16|
|10    |LUT5                                       |     8|
|11    |LUT6                                       |    43|
|12    |FDRE                                       |    65|
|13    |IBUF                                       |     2|
|14    |OBUFT                                      |     1|
+------+-------------------------------------------+------+
---------------------------------------------------------------------------------
Finished Writing Synthesis Report : Time (s): cpu = 00:00:23 ; elapsed = 00:00:23 . Memory (MB): peak = 3066.109 ; gain = 604.238 ; free physical = 221 ; free virtual = 2045
---------------------------------------------------------------------------------
Synthesis finished with 0 errors, 0 critical warnings and 7 warnings.
Synthesis Optimization Runtime : Time (s): cpu = 00:00:21 ; elapsed = 00:00:21 . Memory (MB): peak = 3066.109 ; gain = 467.488 ; free physical = 221 ; free virtual = 2045
Synthesis Optimization Complete : Time (s): cpu = 00:00:23 ; elapsed = 00:00:23 . Memory (MB): peak = 3066.109 ; gain = 604.238 ; free physical = 221 ; free virtual = 2045
INFO: [Project 1-571] Translating synthesized netlist
Netlist sorting complete. Time (s): cpu = 00:00:00 ; elapsed = 00:00:00 . Memory (MB): peak = 3066.109 ; gain = 0.000 ; free physical = 221 ; free virtual = 2044
INFO: [Project 1-570] Preparing netlist for logic optimization
INFO: [Opt 31-138] Pushed 0 inverter(s) to 0 load pin(s).
Netlist sorting complete. Time (s): cpu = 00:00:00 ; elapsed = 00:00:00 . Memory (MB): peak = 3066.109 ; gain = 0.000 ; free physical = 490 ; free virtual = 2314
INFO: [Project 1-111] Unisim Transformation Summary:
No Unisim elements were transformed.

Synth Design complete | Checksum: 54f01698
INFO: [Common 17-83] Releasing license: Synthesis
44 Infos, 20 Warnings, 0 Critical Warnings and 0 Errors encountered.
synth_design completed successfully
synth_design: Time (s): cpu = 00:00:30 ; elapsed = 00:00:28 . Memory (MB): peak = 3066.109 ; gain = 950.738 ; free physical = 490 ; free virtual = 2314
INFO: [Common 17-2834] synth_design peak Physical Memory [PSS] (MB): overall = 2702.495; main = 2405.937; forked = 378.644
INFO: [Common 17-2834] synth_design peak Virtual Memory [VSS] (MB): overall = 4000.402; main = 3066.113; forked = 966.305
INFO: [Common 17-1381] The checkpoint '/home/daniel/Masterthesis/GB_MASTER_UNIT/GB_MASTER_UNIT.runs/synth_1/ModuleTop.dcp' has been generated.
INFO: [runtcl-4] Executing : report_utilization -file ModuleTop_utilization_synth.rpt -pb ModuleTop_utilization_synth.pb
INFO: [Common 17-206] Exiting Vivado at Fri Nov  3 12:00:49 2023...
