16:25:50 DEBUG : Logs will be stored at '/home/daniel/Masterthesis/Petalinux/IDE.log'.
16:26:10 INFO  : Launching XSCT server: xsct -n  -interactive /home/daniel/Masterthesis/Petalinux/temp_xsdb_launch_script.tcl
16:26:10 INFO  : Registering command handlers for Vitis TCF services
16:26:12 INFO  : Platform repository initialization has completed.
16:26:13 INFO  : XSCT server has started successfully.
16:26:13 INFO  : plnx-install-location is set to ''
16:26:14 INFO  : Successfully done setting XSCT server connection channel  
16:26:14 INFO  : Successfully done query RDI_DATADIR 
16:26:14 INFO  : Successfully done setting workspace for the tool. 
10:06:06 DEBUG : Logs will be stored at '/home/daniel/Masterthesis/Petalinux/IDE.log'.
10:06:07 INFO  : Launching XSCT server: xsct -n  -interactive /home/daniel/Masterthesis/Petalinux/temp_xsdb_launch_script.tcl
10:06:10 INFO  : XSCT server has started successfully.
10:06:10 INFO  : plnx-install-location is set to ''
10:06:10 INFO  : Successfully done setting XSCT server connection channel  
10:06:10 INFO  : Successfully done setting workspace for the tool. 
10:06:10 INFO  : Successfully done query RDI_DATADIR 
10:06:15 INFO  : Registering command handlers for Vitis TCF services
10:06:16 INFO  : Platform repository initialization has completed.
16:30:52 DEBUG : Logs will be stored at '/home/daniel/Masterthesis/Petalinux/IDE.log'.
16:30:53 INFO  : Launching XSCT server: xsct -n  -interactive /home/daniel/Masterthesis/Petalinux/temp_xsdb_launch_script.tcl
16:30:56 INFO  : XSCT server has started successfully.
16:30:56 INFO  : Successfully done setting XSCT server connection channel  
16:30:56 INFO  : plnx-install-location is set to ''
16:30:56 INFO  : Successfully done setting workspace for the tool. 
16:30:56 INFO  : Successfully done query RDI_DATADIR 
16:31:01 INFO  : Registering command handlers for Vitis TCF services
16:31:02 INFO  : Platform repository initialization has completed.
16:32:58 DEBUG : Logs will be stored at '/home/daniel/Masterthesis/Petalinux/IDE.log'.
16:32:58 INFO  : Launching XSCT server: xsct -n  -interactive /home/daniel/Masterthesis/Petalinux/temp_xsdb_launch_script.tcl
16:33:01 INFO  : XSCT server has started successfully.
16:33:01 INFO  : Successfully done setting XSCT server connection channel  
16:33:01 INFO  : plnx-install-location is set to ''
16:33:01 INFO  : Successfully done setting workspace for the tool. 
16:33:01 INFO  : Successfully done query RDI_DATADIR 
16:34:12 INFO  : Registering command handlers for Vitis TCF services
16:34:13 INFO  : Platform repository initialization has completed.
17:06:19 INFO  : No changes in MSS file content so sources will not be generated.
17:12:03 INFO  : Result from executing command 'getProjects': Petalinux_Platorm
17:12:03 INFO  : Result from executing command 'getPlatforms': xilinx_vck190_base_202310_1|/tools/Xilinx/Vitis/2023.1/base_platforms/xilinx_vck190_base_202310_1/xilinx_vck190_base_202310_1.xpfm;xilinx_vck190_base_dfx_202310_1|/tools/Xilinx/Vitis/2023.1/base_platforms/xilinx_vck190_base_dfx_202310_1/xilinx_vck190_base_dfx_202310_1.xpfm;xilinx_vek280_es1_base_202310_1|/tools/Xilinx/Vitis/2023.1/base_platforms/xilinx_vek280_es1_base_202310_1/xilinx_vek280_es1_base_202310_1.xpfm;xilinx_vmk180_base_202310_1|/tools/Xilinx/Vitis/2023.1/base_platforms/xilinx_vmk180_base_202310_1/xilinx_vmk180_base_202310_1.xpfm;xilinx_zcu102_base_202310_1|/tools/Xilinx/Vitis/2023.1/base_platforms/xilinx_zcu102_base_202310_1/xilinx_zcu102_base_202310_1.xpfm;xilinx_zcu102_base_dfx_202310_1|/tools/Xilinx/Vitis/2023.1/base_platforms/xilinx_zcu102_base_dfx_202310_1/xilinx_zcu102_base_dfx_202310_1.xpfm;xilinx_zcu104_base_202310_1|/tools/Xilinx/Vitis/2023.1/base_platforms/xilinx_zcu104_base_202310_1/xilinx_zcu104_base_202310_1.xpfm
17:25:59 ERROR : Failed to set sysroot on the domain. Click on details for more information.
17:26:10 ERROR : Failed to set sysroot on the domain. Click on details for more information.
17:26:24 ERROR : Failed to set sysroot on the domain. Click on details for more information.
17:27:07 ERROR : Failed to set sysroot on the domain. Click on details for more information.
17:27:16 ERROR : Failed to set sysroot on the domain. Click on details for more information.
17:27:39 INFO  : Result from executing command 'getProjects': Petalinux_Platorm
17:27:39 INFO  : Result from executing command 'getPlatforms': Petalinux_Platorm|/home/daniel/Masterthesis/Petalinux/Petalinux_Platorm/export/Petalinux_Platorm/Petalinux_Platorm.xpfm;xilinx_vck190_base_202310_1|/tools/Xilinx/Vitis/2023.1/base_platforms/xilinx_vck190_base_202310_1/xilinx_vck190_base_202310_1.xpfm;xilinx_vck190_base_dfx_202310_1|/tools/Xilinx/Vitis/2023.1/base_platforms/xilinx_vck190_base_dfx_202310_1/xilinx_vck190_base_dfx_202310_1.xpfm;xilinx_vek280_es1_base_202310_1|/tools/Xilinx/Vitis/2023.1/base_platforms/xilinx_vek280_es1_base_202310_1/xilinx_vek280_es1_base_202310_1.xpfm;xilinx_vmk180_base_202310_1|/tools/Xilinx/Vitis/2023.1/base_platforms/xilinx_vmk180_base_202310_1/xilinx_vmk180_base_202310_1.xpfm;xilinx_zcu102_base_202310_1|/tools/Xilinx/Vitis/2023.1/base_platforms/xilinx_zcu102_base_202310_1/xilinx_zcu102_base_202310_1.xpfm;xilinx_zcu102_base_dfx_202310_1|/tools/Xilinx/Vitis/2023.1/base_platforms/xilinx_zcu102_base_dfx_202310_1/xilinx_zcu102_base_dfx_202310_1.xpfm;xilinx_zcu104_base_202310_1|/tools/Xilinx/Vitis/2023.1/base_platforms/xilinx_zcu104_base_202310_1/xilinx_zcu104_base_202310_1.xpfm
10:37:11 DEBUG : Logs will be stored at '/home/daniel/Masterthesis/Petalinux/IDE.log'.
10:37:11 INFO  : Launching XSCT server: xsct -n  -interactive /home/daniel/Masterthesis/Petalinux/temp_xsdb_launch_script.tcl
10:37:14 INFO  : XSCT server has started successfully.
10:37:14 INFO  : Successfully done setting XSCT server connection channel  
10:37:15 INFO  : plnx-install-location is set to ''
10:37:15 INFO  : Successfully done setting workspace for the tool. 
10:37:15 INFO  : Successfully done query RDI_DATADIR 
10:37:17 INFO  : Registering command handlers for Vitis TCF services
10:37:18 INFO  : Platform repository initialization has completed.
15:58:07 DEBUG : Logs will be stored at '/home/daniel/Masterthesis/Petalinux/IDE.log'.
15:58:07 INFO  : Launching XSCT server: xsct -n  -interactive /home/daniel/Masterthesis/Petalinux/temp_xsdb_launch_script.tcl
15:58:09 INFO  : Registering command handlers for Vitis TCF services
15:58:10 INFO  : Platform repository initialization has completed.
15:58:10 INFO  : XSCT server has started successfully.
15:58:10 INFO  : Successfully done setting XSCT server connection channel  
15:58:10 INFO  : plnx-install-location is set to ''
15:58:10 INFO  : Successfully done setting workspace for the tool. 
15:58:10 INFO  : Successfully done query RDI_DATADIR 
16:24:27 INFO  : No changes in MSS file content so sources will not be generated.
16:28:09 INFO  : Hardware specification for platform project 'Petalinux_Platorm' is updated.
