16:40:54 DEBUG : Logs will be stored at '/home/daniel/Masterthesis/GB_Unit_Vitis_Workspace/IDE.log'.
16:40:58 INFO  : Launching XSCT server: xsct -n  -interactive /home/daniel/Masterthesis/GB_Unit_Vitis_Workspace/temp_xsdb_launch_script.tcl
16:40:58 INFO  : Registering command handlers for Vitis TCF services
16:40:59 INFO  : Platform repository initialization has completed.
16:41:01 INFO  : XSCT server has started successfully.
16:41:01 INFO  : plnx-install-location is set to ''
16:41:01 INFO  : Successfully done setting XSCT server connection channel  
16:41:01 INFO  : Successfully done setting workspace for the tool. 
16:41:01 INFO  : Successfully done query RDI_DATADIR 
16:43:17 ERROR : Failed to set sysroot on the domain. Click on details for more information.
16:44:02 INFO  : Result from executing command 'getProjects': Petalinux_Platform
16:44:02 INFO  : Result from executing command 'getPlatforms': xilinx_vck190_base_202310_1|/tools/Xilinx/Vitis/2023.1/base_platforms/xilinx_vck190_base_202310_1/xilinx_vck190_base_202310_1.xpfm;xilinx_vck190_base_dfx_202310_1|/tools/Xilinx/Vitis/2023.1/base_platforms/xilinx_vck190_base_dfx_202310_1/xilinx_vck190_base_dfx_202310_1.xpfm;xilinx_vek280_es1_base_202310_1|/tools/Xilinx/Vitis/2023.1/base_platforms/xilinx_vek280_es1_base_202310_1/xilinx_vek280_es1_base_202310_1.xpfm;xilinx_vmk180_base_202310_1|/tools/Xilinx/Vitis/2023.1/base_platforms/xilinx_vmk180_base_202310_1/xilinx_vmk180_base_202310_1.xpfm;xilinx_zcu102_base_202310_1|/tools/Xilinx/Vitis/2023.1/base_platforms/xilinx_zcu102_base_202310_1/xilinx_zcu102_base_202310_1.xpfm;xilinx_zcu102_base_dfx_202310_1|/tools/Xilinx/Vitis/2023.1/base_platforms/xilinx_zcu102_base_dfx_202310_1/xilinx_zcu102_base_dfx_202310_1.xpfm;xilinx_zcu104_base_202310_1|/tools/Xilinx/Vitis/2023.1/base_platforms/xilinx_zcu104_base_202310_1/xilinx_zcu104_base_202310_1.xpfm
16:51:19 DEBUG : Logs will be stored at '/home/daniel/Masterthesis/GB_Unit_Vitis_Workspace/IDE.log'.
16:51:19 INFO  : Launching XSCT server: xsct -n  -interactive /home/daniel/Masterthesis/GB_Unit_Vitis_Workspace/temp_xsdb_launch_script.tcl
16:51:22 INFO  : XSCT server has started successfully.
16:51:22 INFO  : Successfully done setting XSCT server connection channel  
16:51:22 INFO  : Registering command handlers for Vitis TCF services
16:51:22 INFO  : plnx-install-location is set to ''
16:51:22 INFO  : Successfully done setting workspace for the tool. 
16:51:22 INFO  : Successfully done query RDI_DATADIR 
16:51:23 INFO  : Platform repository initialization has completed.
16:51:24 ERROR : (XSDB Server)ERROR: [Hsi 55-1571] The design file /home/daniel/Masterthesis/GB_Unit_Vitis_Workspace/Petalinux_Platform/hw/ModuleTop.xsa is already opened

16:54:46 INFO  : Result from executing command 'getProjects': Petalinux_Platform
16:54:46 INFO  : Result from executing command 'getPlatforms': Petalinux_Platform|/home/daniel/Masterthesis/GB_Unit_Vitis_Workspace/Petalinux_Platform/export/Petalinux_Platform/Petalinux_Platform.xpfm;xilinx_vck190_base_202310_1|/tools/Xilinx/Vitis/2023.1/base_platforms/xilinx_vck190_base_202310_1/xilinx_vck190_base_202310_1.xpfm;xilinx_vck190_base_dfx_202310_1|/tools/Xilinx/Vitis/2023.1/base_platforms/xilinx_vck190_base_dfx_202310_1/xilinx_vck190_base_dfx_202310_1.xpfm;xilinx_vek280_es1_base_202310_1|/tools/Xilinx/Vitis/2023.1/base_platforms/xilinx_vek280_es1_base_202310_1/xilinx_vek280_es1_base_202310_1.xpfm;xilinx_vmk180_base_202310_1|/tools/Xilinx/Vitis/2023.1/base_platforms/xilinx_vmk180_base_202310_1/xilinx_vmk180_base_202310_1.xpfm;xilinx_zcu102_base_202310_1|/tools/Xilinx/Vitis/2023.1/base_platforms/xilinx_zcu102_base_202310_1/xilinx_zcu102_base_202310_1.xpfm;xilinx_zcu102_base_dfx_202310_1|/tools/Xilinx/Vitis/2023.1/base_platforms/xilinx_zcu102_base_dfx_202310_1/xilinx_zcu102_base_dfx_202310_1.xpfm;xilinx_zcu104_base_202310_1|/tools/Xilinx/Vitis/2023.1/base_platforms/xilinx_zcu104_base_202310_1/xilinx_zcu104_base_202310_1.xpfm
