
*** Running vivado
    with args -log GB_UNIT_design_axi_bram_ctrl_0_0.vds -m64 -product Vivado -mode batch -messageDb vivado.pb -notrace -source GB_UNIT_design_axi_bram_ctrl_0_0.tcl


****** Vivado v2023.1 (64-bit)
  **** SW Build 3865809 on Sun May  7 15:04:56 MDT 2023
  **** IP Build 3864474 on Sun May  7 20:36:21 MDT 2023
  **** SharedData Build 3865790 on Sun May 07 13:33:03 MDT 2023
    ** Copyright 1986-2022 Xilinx, Inc. All Rights Reserved.
    ** Copyright 2022-2023 Advanced Micro Devices, Inc. All Rights Reserved.

source GB_UNIT_design_axi_bram_ctrl_0_0.tcl -notrace
create_project: Time (s): cpu = 00:00:07 ; elapsed = 00:00:07 . Memory (MB): peak = 2062.539 ; gain = 124.992 ; free physical = 141 ; free virtual = 4593
INFO: [IP_Flow 19-6924] IPCACHE: Running cache check for IP inst: GB_UNIT_design_axi_bram_ctrl_0_0
Command: synth_design -top GB_UNIT_design_axi_bram_ctrl_0_0 -part xc7z020clg400-1 -incremental_mode off -mode out_of_context
Starting synth_design
Attempting to get a license for feature 'Synthesis' and/or device 'xc7z020'
INFO: [Common 17-349] Got license for feature 'Synthesis' and/or device 'xc7z020'
INFO: [Device 21-403] Loading part xc7z020clg400-1
INFO: [Synth 8-7079] Multithreading enabled for synth_design using a maximum of 4 processes.
INFO: [Synth 8-7078] Launching helper process for spawning children vivado processes
INFO: [Synth 8-7075] Helper process launched with PID 9021
---------------------------------------------------------------------------------
Starting RTL Elaboration : Time (s): cpu = 00:00:04 ; elapsed = 00:00:04 . Memory (MB): peak = 2819.590 ; gain = 377.801 ; free physical = 120 ; free virtual = 3573
---------------------------------------------------------------------------------
INFO: [Synth 8-638] synthesizing module 'GB_UNIT_design_axi_bram_ctrl_0_0' [/home/daniel/Masterthesis/GB_MASTER_UNIT/GB_MASTER_UNIT.gen/sources_1/bd/GB_UNIT_design/ip/GB_UNIT_design_axi_bram_ctrl_0_0/synth/GB_UNIT_design_axi_bram_ctrl_0_0.vhd:104]
	Parameter C_BRAM_INST_MODE bound to: EXTERNAL - type: string 
	Parameter C_MEMORY_DEPTH bound to: 2048 - type: integer 
	Parameter C_BRAM_ADDR_WIDTH bound to: 11 - type: integer 
	Parameter C_S_AXI_ADDR_WIDTH bound to: 13 - type: integer 
	Parameter C_S_AXI_DATA_WIDTH bound to: 32 - type: integer 
	Parameter C_S_AXI_ID_WIDTH bound to: 1 - type: integer 
	Parameter C_S_AXI_PROTOCOL bound to: AXI4 - type: string 
	Parameter C_S_AXI_SUPPORTS_NARROW_BURST bound to: 0 - type: integer 
	Parameter C_SINGLE_PORT_BRAM bound to: 1 - type: integer 
	Parameter C_FAMILY bound to: zynq - type: string 
	Parameter C_READ_LATENCY bound to: 1 - type: integer 
	Parameter C_RD_CMD_OPTIMIZATION bound to: 0 - type: integer 
	Parameter C_S_AXI_CTRL_ADDR_WIDTH bound to: 32 - type: integer 
	Parameter C_S_AXI_CTRL_DATA_WIDTH bound to: 32 - type: integer 
	Parameter C_ECC bound to: 0 - type: integer 
	Parameter C_ECC_TYPE bound to: 0 - type: integer 
	Parameter C_FAULT_INJECT bound to: 0 - type: integer 
	Parameter C_ECC_ONOFF_RESET_VALUE bound to: 0 - type: integer 
INFO: [Synth 8-3491] module 'axi_bram_ctrl' declared at '/home/daniel/Masterthesis/GB_MASTER_UNIT/GB_MASTER_UNIT.gen/sources_1/bd/GB_UNIT_design/ipshared/85f5/hdl/axi_bram_ctrl_v4_1_rfs.vhd:31351' bound to instance 'U0' of component 'axi_bram_ctrl' [/home/daniel/Masterthesis/GB_MASTER_UNIT/GB_MASTER_UNIT.gen/sources_1/bd/GB_UNIT_design/ip/GB_UNIT_design_axi_bram_ctrl_0_0/synth/GB_UNIT_design_axi_bram_ctrl_0_0.vhd:255]
INFO: [Synth 8-638] synthesizing module 'axi_bram_ctrl' [/home/daniel/Masterthesis/GB_MASTER_UNIT/GB_MASTER_UNIT.gen/sources_1/bd/GB_UNIT_design/ipshared/85f5/hdl/axi_bram_ctrl_v4_1_rfs.vhd:31522]
INFO: [Synth 8-638] synthesizing module 'axi_bram_ctrl_top' [/home/daniel/Masterthesis/GB_MASTER_UNIT/GB_MASTER_UNIT.gen/sources_1/bd/GB_UNIT_design/ipshared/85f5/hdl/axi_bram_ctrl_v4_1_rfs.vhd:30521]
INFO: [Synth 8-638] synthesizing module 'full_axi' [/home/daniel/Masterthesis/GB_MASTER_UNIT/GB_MASTER_UNIT.gen/sources_1/bd/GB_UNIT_design/ipshared/85f5/hdl/axi_bram_ctrl_v4_1_rfs.vhd:29274]
WARNING: [Synth 8-6774] Null subtype or type declaration found [/home/daniel/Masterthesis/GB_MASTER_UNIT/GB_MASTER_UNIT.gen/sources_1/bd/GB_UNIT_design/ipshared/85f5/hdl/axi_bram_ctrl_v4_1_rfs.vhd:29344]
INFO: [Synth 8-3919] null assignment ignored [/home/daniel/Masterthesis/GB_MASTER_UNIT/GB_MASTER_UNIT.gen/sources_1/bd/GB_UNIT_design/ipshared/85f5/hdl/axi_bram_ctrl_v4_1_rfs.vhd:29344]
INFO: [Synth 8-638] synthesizing module 'sng_port_arb' [/home/daniel/Masterthesis/GB_MASTER_UNIT/GB_MASTER_UNIT.gen/sources_1/bd/GB_UNIT_design/ipshared/85f5/hdl/axi_bram_ctrl_v4_1_rfs.vhd:11450]
INFO: [Synth 8-256] done synthesizing module 'sng_port_arb' (0#1) [/home/daniel/Masterthesis/GB_MASTER_UNIT/GB_MASTER_UNIT.gen/sources_1/bd/GB_UNIT_design/ipshared/85f5/hdl/axi_bram_ctrl_v4_1_rfs.vhd:11450]
INFO: [Synth 8-638] synthesizing module 'wr_chnl' [/home/daniel/Masterthesis/GB_MASTER_UNIT/GB_MASTER_UNIT.gen/sources_1/bd/GB_UNIT_design/ipshared/85f5/hdl/axi_bram_ctrl_v4_1_rfs.vhd:24153]
INFO: [Synth 8-506] null port 'FaultInjectECC' ignored [/home/daniel/Masterthesis/GB_MASTER_UNIT/GB_MASTER_UNIT.gen/sources_1/bd/GB_UNIT_design/ipshared/85f5/hdl/axi_bram_ctrl_v4_1_rfs.vhd:24120]
INFO: [Synth 8-638] synthesizing module 'wrap_brst' [/home/daniel/Masterthesis/GB_MASTER_UNIT/GB_MASTER_UNIT.gen/sources_1/bd/GB_UNIT_design/ipshared/85f5/hdl/axi_bram_ctrl_v4_1_rfs.vhd:12449]
INFO: [Synth 8-256] done synthesizing module 'wrap_brst' (0#1) [/home/daniel/Masterthesis/GB_MASTER_UNIT/GB_MASTER_UNIT.gen/sources_1/bd/GB_UNIT_design/ipshared/85f5/hdl/axi_bram_ctrl_v4_1_rfs.vhd:12449]
INFO: [Synth 8-638] synthesizing module 'SRL_FIFO' [/home/daniel/Masterthesis/GB_MASTER_UNIT/GB_MASTER_UNIT.gen/sources_1/bd/GB_UNIT_design/ipshared/85f5/hdl/axi_bram_ctrl_v4_1_rfs.vhd:133]
INFO: [Synth 8-3491] module 'FDR' declared at '/tools/Xilinx/Vivado/2023.1/scripts/rt/data/unisim_comp.v:39135' bound to instance 'Data_Exists_DFF' of component 'FDR' [/home/daniel/Masterthesis/GB_MASTER_UNIT/GB_MASTER_UNIT.gen/sources_1/bd/GB_UNIT_design/ipshared/85f5/hdl/axi_bram_ctrl_v4_1_rfs.vhd:230]
INFO: [Synth 8-6157] synthesizing module 'FDR' [/tools/Xilinx/Vivado/2023.1/scripts/rt/data/unisim_comp.v:39135]
INFO: [Synth 8-6155] done synthesizing module 'FDR' (0#1) [/tools/Xilinx/Vivado/2023.1/scripts/rt/data/unisim_comp.v:39135]
INFO: [Synth 8-3491] module 'MUXCY_L' declared at '/tools/Xilinx/Vivado/2023.1/scripts/rt/data/unisim_comp.v:83289' bound to instance 'MUXCY_L_I' of component 'MUXCY_L' [/home/daniel/Masterthesis/GB_MASTER_UNIT/GB_MASTER_UNIT.gen/sources_1/bd/GB_UNIT_design/ipshared/85f5/hdl/axi_bram_ctrl_v4_1_rfs.vhd:247]
INFO: [Synth 8-6157] synthesizing module 'MUXCY_L' [/tools/Xilinx/Vivado/2023.1/scripts/rt/data/unisim_comp.v:83289]
INFO: [Synth 8-6155] done synthesizing module 'MUXCY_L' (0#1) [/tools/Xilinx/Vivado/2023.1/scripts/rt/data/unisim_comp.v:83289]
INFO: [Synth 8-3491] module 'XORCY' declared at '/tools/Xilinx/Vivado/2023.1/scripts/rt/data/unisim_comp.v:137175' bound to instance 'XORCY_I' of component 'XORCY' [/home/daniel/Masterthesis/GB_MASTER_UNIT/GB_MASTER_UNIT.gen/sources_1/bd/GB_UNIT_design/ipshared/85f5/hdl/axi_bram_ctrl_v4_1_rfs.vhd:254]
INFO: [Synth 8-6157] synthesizing module 'XORCY' [/tools/Xilinx/Vivado/2023.1/scripts/rt/data/unisim_comp.v:137175]
INFO: [Synth 8-6155] done synthesizing module 'XORCY' (0#1) [/tools/Xilinx/Vivado/2023.1/scripts/rt/data/unisim_comp.v:137175]
INFO: [Synth 8-3491] module 'FDRE' declared at '/tools/Xilinx/Vivado/2023.1/scripts/rt/data/unisim_comp.v:39148' bound to instance 'FDRE_I' of component 'FDRE' [/home/daniel/Masterthesis/GB_MASTER_UNIT/GB_MASTER_UNIT.gen/sources_1/bd/GB_UNIT_design/ipshared/85f5/hdl/axi_bram_ctrl_v4_1_rfs.vhd:260]
INFO: [Synth 8-6157] synthesizing module 'FDRE' [/tools/Xilinx/Vivado/2023.1/scripts/rt/data/unisim_comp.v:39148]
INFO: [Synth 8-6155] done synthesizing module 'FDRE' (0#1) [/tools/Xilinx/Vivado/2023.1/scripts/rt/data/unisim_comp.v:39148]
INFO: [Synth 8-3491] module 'MUXCY_L' declared at '/tools/Xilinx/Vivado/2023.1/scripts/rt/data/unisim_comp.v:83289' bound to instance 'MUXCY_L_I' of component 'MUXCY_L' [/home/daniel/Masterthesis/GB_MASTER_UNIT/GB_MASTER_UNIT.gen/sources_1/bd/GB_UNIT_design/ipshared/85f5/hdl/axi_bram_ctrl_v4_1_rfs.vhd:247]
INFO: [Synth 8-3491] module 'XORCY' declared at '/tools/Xilinx/Vivado/2023.1/scripts/rt/data/unisim_comp.v:137175' bound to instance 'XORCY_I' of component 'XORCY' [/home/daniel/Masterthesis/GB_MASTER_UNIT/GB_MASTER_UNIT.gen/sources_1/bd/GB_UNIT_design/ipshared/85f5/hdl/axi_bram_ctrl_v4_1_rfs.vhd:254]
INFO: [Synth 8-3491] module 'FDRE' declared at '/tools/Xilinx/Vivado/2023.1/scripts/rt/data/unisim_comp.v:39148' bound to instance 'FDRE_I' of component 'FDRE' [/home/daniel/Masterthesis/GB_MASTER_UNIT/GB_MASTER_UNIT.gen/sources_1/bd/GB_UNIT_design/ipshared/85f5/hdl/axi_bram_ctrl_v4_1_rfs.vhd:260]
INFO: [Synth 8-3491] module 'MUXCY_L' declared at '/tools/Xilinx/Vivado/2023.1/scripts/rt/data/unisim_comp.v:83289' bound to instance 'MUXCY_L_I' of component 'MUXCY_L' [/home/daniel/Masterthesis/GB_MASTER_UNIT/GB_MASTER_UNIT.gen/sources_1/bd/GB_UNIT_design/ipshared/85f5/hdl/axi_bram_ctrl_v4_1_rfs.vhd:247]
INFO: [Synth 8-3491] module 'XORCY' declared at '/tools/Xilinx/Vivado/2023.1/scripts/rt/data/unisim_comp.v:137175' bound to instance 'XORCY_I' of component 'XORCY' [/home/daniel/Masterthesis/GB_MASTER_UNIT/GB_MASTER_UNIT.gen/sources_1/bd/GB_UNIT_design/ipshared/85f5/hdl/axi_bram_ctrl_v4_1_rfs.vhd:254]
INFO: [Synth 8-3491] module 'FDRE' declared at '/tools/Xilinx/Vivado/2023.1/scripts/rt/data/unisim_comp.v:39148' bound to instance 'FDRE_I' of component 'FDRE' [/home/daniel/Masterthesis/GB_MASTER_UNIT/GB_MASTER_UNIT.gen/sources_1/bd/GB_UNIT_design/ipshared/85f5/hdl/axi_bram_ctrl_v4_1_rfs.vhd:260]
INFO: [Synth 8-3491] module 'MUXCY_L' declared at '/tools/Xilinx/Vivado/2023.1/scripts/rt/data/unisim_comp.v:83289' bound to instance 'MUXCY_L_I' of component 'MUXCY_L' [/home/daniel/Masterthesis/GB_MASTER_UNIT/GB_MASTER_UNIT.gen/sources_1/bd/GB_UNIT_design/ipshared/85f5/hdl/axi_bram_ctrl_v4_1_rfs.vhd:247]
INFO: [Synth 8-3491] module 'XORCY' declared at '/tools/Xilinx/Vivado/2023.1/scripts/rt/data/unisim_comp.v:137175' bound to instance 'XORCY_I' of component 'XORCY' [/home/daniel/Masterthesis/GB_MASTER_UNIT/GB_MASTER_UNIT.gen/sources_1/bd/GB_UNIT_design/ipshared/85f5/hdl/axi_bram_ctrl_v4_1_rfs.vhd:254]
INFO: [Synth 8-3491] module 'FDRE' declared at '/tools/Xilinx/Vivado/2023.1/scripts/rt/data/unisim_comp.v:39148' bound to instance 'FDRE_I' of component 'FDRE' [/home/daniel/Masterthesis/GB_MASTER_UNIT/GB_MASTER_UNIT.gen/sources_1/bd/GB_UNIT_design/ipshared/85f5/hdl/axi_bram_ctrl_v4_1_rfs.vhd:260]
INFO: [Synth 8-3491] module 'SRL16E' declared at '/tools/Xilinx/Vivado/2023.1/scripts/rt/data/unisim_comp.v:132173' bound to instance 'SRL16E_I' of component 'SRL16E' [/home/daniel/Masterthesis/GB_MASTER_UNIT/GB_MASTER_UNIT.gen/sources_1/bd/GB_UNIT_design/ipshared/85f5/hdl/axi_bram_ctrl_v4_1_rfs.vhd:271]
INFO: [Synth 8-6157] synthesizing module 'SRL16E' [/tools/Xilinx/Vivado/2023.1/scripts/rt/data/unisim_comp.v:132173]
INFO: [Synth 8-6155] done synthesizing module 'SRL16E' (0#1) [/tools/Xilinx/Vivado/2023.1/scripts/rt/data/unisim_comp.v:132173]
INFO: [Synth 8-256] done synthesizing module 'SRL_FIFO' (0#1) [/home/daniel/Masterthesis/GB_MASTER_UNIT/GB_MASTER_UNIT.gen/sources_1/bd/GB_UNIT_design/ipshared/85f5/hdl/axi_bram_ctrl_v4_1_rfs.vhd:133]
INFO: [Synth 8-256] done synthesizing module 'wr_chnl' (0#1) [/home/daniel/Masterthesis/GB_MASTER_UNIT/GB_MASTER_UNIT.gen/sources_1/bd/GB_UNIT_design/ipshared/85f5/hdl/axi_bram_ctrl_v4_1_rfs.vhd:24153]
WARNING: [Synth 8-6778] Component port with null array found, Will be ignored [/home/daniel/Masterthesis/GB_MASTER_UNIT/GB_MASTER_UNIT.gen/sources_1/bd/GB_UNIT_design/ipshared/85f5/hdl/axi_bram_ctrl_v4_1_rfs.vhd:30014]
INFO: [Synth 8-638] synthesizing module 'rd_chnl' [/home/daniel/Masterthesis/GB_MASTER_UNIT/GB_MASTER_UNIT.gen/sources_1/bd/GB_UNIT_design/ipshared/85f5/hdl/axi_bram_ctrl_v4_1_rfs.vhd:14740]
INFO: [Synth 8-256] done synthesizing module 'rd_chnl' (0#1) [/home/daniel/Masterthesis/GB_MASTER_UNIT/GB_MASTER_UNIT.gen/sources_1/bd/GB_UNIT_design/ipshared/85f5/hdl/axi_bram_ctrl_v4_1_rfs.vhd:14740]
INFO: [Synth 8-256] done synthesizing module 'full_axi' (0#1) [/home/daniel/Masterthesis/GB_MASTER_UNIT/GB_MASTER_UNIT.gen/sources_1/bd/GB_UNIT_design/ipshared/85f5/hdl/axi_bram_ctrl_v4_1_rfs.vhd:29274]
INFO: [Synth 8-256] done synthesizing module 'axi_bram_ctrl_top' (0#1) [/home/daniel/Masterthesis/GB_MASTER_UNIT/GB_MASTER_UNIT.gen/sources_1/bd/GB_UNIT_design/ipshared/85f5/hdl/axi_bram_ctrl_v4_1_rfs.vhd:30521]
INFO: [Synth 8-256] done synthesizing module 'axi_bram_ctrl' (0#1) [/home/daniel/Masterthesis/GB_MASTER_UNIT/GB_MASTER_UNIT.gen/sources_1/bd/GB_UNIT_design/ipshared/85f5/hdl/axi_bram_ctrl_v4_1_rfs.vhd:31522]
INFO: [Synth 8-256] done synthesizing module 'GB_UNIT_design_axi_bram_ctrl_0_0' (0#1) [/home/daniel/Masterthesis/GB_MASTER_UNIT/GB_MASTER_UNIT.gen/sources_1/bd/GB_UNIT_design/ip/GB_UNIT_design_axi_bram_ctrl_0_0/synth/GB_UNIT_design_axi_bram_ctrl_0_0.vhd:104]
WARNING: [Synth 8-6014] Unused sequential element curr_awsize_reg_reg was removed.  [/home/daniel/Masterthesis/GB_MASTER_UNIT/GB_MASTER_UNIT.gen/sources_1/bd/GB_UNIT_design/ipshared/85f5/hdl/axi_bram_ctrl_v4_1_rfs.vhd:25312]
WARNING: [Synth 8-6014] Unused sequential element curr_awlen_reg_1_or_2_reg was removed.  [/home/daniel/Masterthesis/GB_MASTER_UNIT/GB_MASTER_UNIT.gen/sources_1/bd/GB_UNIT_design/ipshared/85f5/hdl/axi_bram_ctrl_v4_1_rfs.vhd:25590]
WARNING: [Synth 8-6014] Unused sequential element GEN_NO_RD_CMD_OPT.axi_arsize_pipe_max_reg was removed.  [/home/daniel/Masterthesis/GB_MASTER_UNIT/GB_MASTER_UNIT.gen/sources_1/bd/GB_UNIT_design/ipshared/85f5/hdl/axi_bram_ctrl_v4_1_rfs.vhd:15500]
WARNING: [Synth 8-6014] Unused sequential element GEN_NO_RD_CMD_OPT.curr_arsize_reg_reg was removed.  [/home/daniel/Masterthesis/GB_MASTER_UNIT/GB_MASTER_UNIT.gen/sources_1/bd/GB_UNIT_design/ipshared/85f5/hdl/axi_bram_ctrl_v4_1_rfs.vhd:15992]
WARNING: [Synth 8-6014] Unused sequential element GEN_NO_RD_CMD_OPT.no_ar_ack_reg was removed.  [/home/daniel/Masterthesis/GB_MASTER_UNIT/GB_MASTER_UNIT.gen/sources_1/bd/GB_UNIT_design/ipshared/85f5/hdl/axi_bram_ctrl_v4_1_rfs.vhd:19897]
WARNING: [Synth 8-6014] Unused sequential element GEN_NO_RD_CMD_OPT.do_cmplt_burst_reg was removed.  [/home/daniel/Masterthesis/GB_MASTER_UNIT/GB_MASTER_UNIT.gen/sources_1/bd/GB_UNIT_design/ipshared/85f5/hdl/axi_bram_ctrl_v4_1_rfs.vhd:21238]
WARNING: [Synth 8-7129] Port curr_axlen[7] in module wrap_brst is either unconnected or has no load
WARNING: [Synth 8-7129] Port curr_axlen[6] in module wrap_brst is either unconnected or has no load
WARNING: [Synth 8-7129] Port curr_axlen[5] in module wrap_brst is either unconnected or has no load
WARNING: [Synth 8-7129] Port curr_axlen[4] in module wrap_brst is either unconnected or has no load
WARNING: [Synth 8-7129] Port bram_addr_ld[2] in module wrap_brst is either unconnected or has no load
WARNING: [Synth 8-7129] Port bram_addr_int[12] in module wrap_brst is either unconnected or has no load
WARNING: [Synth 8-7129] Port bram_addr_int[11] in module wrap_brst is either unconnected or has no load
WARNING: [Synth 8-7129] Port bram_addr_int[10] in module wrap_brst is either unconnected or has no load
WARNING: [Synth 8-7129] Port bram_addr_int[9] in module wrap_brst is either unconnected or has no load
WARNING: [Synth 8-7129] Port bram_addr_int[8] in module wrap_brst is either unconnected or has no load
WARNING: [Synth 8-7129] Port bram_addr_int[7] in module wrap_brst is either unconnected or has no load
WARNING: [Synth 8-7129] Port bram_addr_int[6] in module wrap_brst is either unconnected or has no load
WARNING: [Synth 8-7129] Port AXI_ARADDR[1] in module rd_chnl is either unconnected or has no load
WARNING: [Synth 8-7129] Port AXI_ARADDR[0] in module rd_chnl is either unconnected or has no load
WARNING: [Synth 8-7129] Port AXI_ARLOCK in module rd_chnl is either unconnected or has no load
WARNING: [Synth 8-7129] Port AXI_ARCACHE[3] in module rd_chnl is either unconnected or has no load
WARNING: [Synth 8-7129] Port AXI_ARCACHE[2] in module rd_chnl is either unconnected or has no load
WARNING: [Synth 8-7129] Port AXI_ARCACHE[1] in module rd_chnl is either unconnected or has no load
WARNING: [Synth 8-7129] Port AXI_ARCACHE[0] in module rd_chnl is either unconnected or has no load
WARNING: [Synth 8-7129] Port AXI_ARPROT[2] in module rd_chnl is either unconnected or has no load
WARNING: [Synth 8-7129] Port AXI_ARPROT[1] in module rd_chnl is either unconnected or has no load
WARNING: [Synth 8-7129] Port AXI_ARPROT[0] in module rd_chnl is either unconnected or has no load
WARNING: [Synth 8-7129] Port AXI_ARVALID in module rd_chnl is either unconnected or has no load
WARNING: [Synth 8-7129] Port Enable_ECC in module rd_chnl is either unconnected or has no load
WARNING: [Synth 8-7129] Port Sng_arb_Arready in module rd_chnl is either unconnected or has no load
WARNING: [Synth 8-7129] Port AXI_AWADDR[1] in module wr_chnl is either unconnected or has no load
WARNING: [Synth 8-7129] Port AXI_AWADDR[0] in module wr_chnl is either unconnected or has no load
WARNING: [Synth 8-7129] Port AXI_AWLOCK in module wr_chnl is either unconnected or has no load
WARNING: [Synth 8-7129] Port AXI_AWCACHE[3] in module wr_chnl is either unconnected or has no load
WARNING: [Synth 8-7129] Port AXI_AWCACHE[2] in module wr_chnl is either unconnected or has no load
WARNING: [Synth 8-7129] Port AXI_AWCACHE[1] in module wr_chnl is either unconnected or has no load
WARNING: [Synth 8-7129] Port AXI_AWCACHE[0] in module wr_chnl is either unconnected or has no load
WARNING: [Synth 8-7129] Port AXI_AWPROT[2] in module wr_chnl is either unconnected or has no load
WARNING: [Synth 8-7129] Port AXI_AWPROT[1] in module wr_chnl is either unconnected or has no load
WARNING: [Synth 8-7129] Port AXI_AWPROT[0] in module wr_chnl is either unconnected or has no load
WARNING: [Synth 8-7129] Port Enable_ECC in module wr_chnl is either unconnected or has no load
WARNING: [Synth 8-7129] Port FaultInjectData[31] in module wr_chnl is either unconnected or has no load
WARNING: [Synth 8-7129] Port FaultInjectData[30] in module wr_chnl is either unconnected or has no load
WARNING: [Synth 8-7129] Port FaultInjectData[29] in module wr_chnl is either unconnected or has no load
WARNING: [Synth 8-7129] Port FaultInjectData[28] in module wr_chnl is either unconnected or has no load
WARNING: [Synth 8-7129] Port FaultInjectData[27] in module wr_chnl is either unconnected or has no load
WARNING: [Synth 8-7129] Port FaultInjectData[26] in module wr_chnl is either unconnected or has no load
WARNING: [Synth 8-7129] Port FaultInjectData[25] in module wr_chnl is either unconnected or has no load
WARNING: [Synth 8-7129] Port FaultInjectData[24] in module wr_chnl is either unconnected or has no load
WARNING: [Synth 8-7129] Port FaultInjectData[23] in module wr_chnl is either unconnected or has no load
WARNING: [Synth 8-7129] Port FaultInjectData[22] in module wr_chnl is either unconnected or has no load
WARNING: [Synth 8-7129] Port FaultInjectData[21] in module wr_chnl is either unconnected or has no load
WARNING: [Synth 8-7129] Port FaultInjectData[20] in module wr_chnl is either unconnected or has no load
WARNING: [Synth 8-7129] Port FaultInjectData[19] in module wr_chnl is either unconnected or has no load
WARNING: [Synth 8-7129] Port FaultInjectData[18] in module wr_chnl is either unconnected or has no load
WARNING: [Synth 8-7129] Port FaultInjectData[17] in module wr_chnl is either unconnected or has no load
WARNING: [Synth 8-7129] Port FaultInjectData[16] in module wr_chnl is either unconnected or has no load
WARNING: [Synth 8-7129] Port FaultInjectData[15] in module wr_chnl is either unconnected or has no load
WARNING: [Synth 8-7129] Port FaultInjectData[14] in module wr_chnl is either unconnected or has no load
WARNING: [Synth 8-7129] Port FaultInjectData[13] in module wr_chnl is either unconnected or has no load
WARNING: [Synth 8-7129] Port FaultInjectData[12] in module wr_chnl is either unconnected or has no load
WARNING: [Synth 8-7129] Port FaultInjectData[11] in module wr_chnl is either unconnected or has no load
WARNING: [Synth 8-7129] Port FaultInjectData[10] in module wr_chnl is either unconnected or has no load
WARNING: [Synth 8-7129] Port FaultInjectData[9] in module wr_chnl is either unconnected or has no load
WARNING: [Synth 8-7129] Port FaultInjectData[8] in module wr_chnl is either unconnected or has no load
WARNING: [Synth 8-7129] Port FaultInjectData[7] in module wr_chnl is either unconnected or has no load
WARNING: [Synth 8-7129] Port FaultInjectData[6] in module wr_chnl is either unconnected or has no load
WARNING: [Synth 8-7129] Port FaultInjectData[5] in module wr_chnl is either unconnected or has no load
WARNING: [Synth 8-7129] Port FaultInjectData[4] in module wr_chnl is either unconnected or has no load
WARNING: [Synth 8-7129] Port FaultInjectData[3] in module wr_chnl is either unconnected or has no load
WARNING: [Synth 8-7129] Port FaultInjectData[2] in module wr_chnl is either unconnected or has no load
WARNING: [Synth 8-7129] Port FaultInjectData[1] in module wr_chnl is either unconnected or has no load
WARNING: [Synth 8-7129] Port FaultInjectData[0] in module wr_chnl is either unconnected or has no load
WARNING: [Synth 8-7129] Port BRAM_RdData[31] in module wr_chnl is either unconnected or has no load
WARNING: [Synth 8-7129] Port BRAM_RdData[30] in module wr_chnl is either unconnected or has no load
WARNING: [Synth 8-7129] Port BRAM_RdData[29] in module wr_chnl is either unconnected or has no load
WARNING: [Synth 8-7129] Port BRAM_RdData[28] in module wr_chnl is either unconnected or has no load
WARNING: [Synth 8-7129] Port BRAM_RdData[27] in module wr_chnl is either unconnected or has no load
WARNING: [Synth 8-7129] Port BRAM_RdData[26] in module wr_chnl is either unconnected or has no load
WARNING: [Synth 8-7129] Port BRAM_RdData[25] in module wr_chnl is either unconnected or has no load
WARNING: [Synth 8-7129] Port BRAM_RdData[24] in module wr_chnl is either unconnected or has no load
WARNING: [Synth 8-7129] Port BRAM_RdData[23] in module wr_chnl is either unconnected or has no load
WARNING: [Synth 8-7129] Port BRAM_RdData[22] in module wr_chnl is either unconnected or has no load
WARNING: [Synth 8-7129] Port BRAM_RdData[21] in module wr_chnl is either unconnected or has no load
WARNING: [Synth 8-7129] Port BRAM_RdData[20] in module wr_chnl is either unconnected or has no load
WARNING: [Synth 8-7129] Port BRAM_RdData[19] in module wr_chnl is either unconnected or has no load
WARNING: [Synth 8-7129] Port BRAM_RdData[18] in module wr_chnl is either unconnected or has no load
WARNING: [Synth 8-7129] Port BRAM_RdData[17] in module wr_chnl is either unconnected or has no load
WARNING: [Synth 8-7129] Port BRAM_RdData[16] in module wr_chnl is either unconnected or has no load
WARNING: [Synth 8-7129] Port BRAM_RdData[15] in module wr_chnl is either unconnected or has no load
WARNING: [Synth 8-7129] Port BRAM_RdData[14] in module wr_chnl is either unconnected or has no load
WARNING: [Synth 8-7129] Port BRAM_RdData[13] in module wr_chnl is either unconnected or has no load
WARNING: [Synth 8-7129] Port BRAM_RdData[12] in module wr_chnl is either unconnected or has no load
WARNING: [Synth 8-7129] Port BRAM_RdData[11] in module wr_chnl is either unconnected or has no load
WARNING: [Synth 8-7129] Port BRAM_RdData[10] in module wr_chnl is either unconnected or has no load
WARNING: [Synth 8-7129] Port BRAM_RdData[9] in module wr_chnl is either unconnected or has no load
WARNING: [Synth 8-7129] Port BRAM_RdData[8] in module wr_chnl is either unconnected or has no load
WARNING: [Synth 8-7129] Port BRAM_RdData[7] in module wr_chnl is either unconnected or has no load
WARNING: [Synth 8-7129] Port BRAM_RdData[6] in module wr_chnl is either unconnected or has no load
WARNING: [Synth 8-7129] Port BRAM_RdData[5] in module wr_chnl is either unconnected or has no load
WARNING: [Synth 8-7129] Port BRAM_RdData[4] in module wr_chnl is either unconnected or has no load
WARNING: [Synth 8-7129] Port BRAM_RdData[3] in module wr_chnl is either unconnected or has no load
WARNING: [Synth 8-7129] Port BRAM_RdData[2] in module wr_chnl is either unconnected or has no load
WARNING: [Synth 8-7129] Port BRAM_RdData[1] in module wr_chnl is either unconnected or has no load
WARNING: [Synth 8-7129] Port BRAM_RdData[0] in module wr_chnl is either unconnected or has no load
INFO: [Common 17-14] Message 'Synth 8-7129' appears 100 times and further instances of the messages will be disabled. Use the Tcl command set_msg_config to change the current settings.
---------------------------------------------------------------------------------
Finished RTL Elaboration : Time (s): cpu = 00:00:06 ; elapsed = 00:00:06 . Memory (MB): peak = 2906.496 ; gain = 464.707 ; free physical = 122 ; free virtual = 3460
---------------------------------------------------------------------------------
---------------------------------------------------------------------------------
Start Handling Custom Attributes
---------------------------------------------------------------------------------
---------------------------------------------------------------------------------
Finished Handling Custom Attributes : Time (s): cpu = 00:00:06 ; elapsed = 00:00:06 . Memory (MB): peak = 2921.340 ; gain = 479.551 ; free physical = 122 ; free virtual = 3459
---------------------------------------------------------------------------------
---------------------------------------------------------------------------------
Finished RTL Optimization Phase 1 : Time (s): cpu = 00:00:06 ; elapsed = 00:00:06 . Memory (MB): peak = 2921.340 ; gain = 479.551 ; free physical = 122 ; free virtual = 3459
---------------------------------------------------------------------------------
Netlist sorting complete. Time (s): cpu = 00:00:00.01 ; elapsed = 00:00:00.02 . Memory (MB): peak = 2924.309 ; gain = 0.000 ; free physical = 119 ; free virtual = 3458
INFO: [Netlist 29-17] Analyzing 9 Unisim elements for replacement
INFO: [Netlist 29-28] Unisim Transformation completed in 0 CPU seconds
INFO: [Project 1-570] Preparing netlist for logic optimization

Processing XDC Constraints
Initializing timing engine
Parsing XDC File [/home/daniel/Masterthesis/GB_MASTER_UNIT/GB_MASTER_UNIT.gen/sources_1/bd/GB_UNIT_design/ip/GB_UNIT_design_axi_bram_ctrl_0_0/GB_UNIT_design_axi_bram_ctrl_0_0_ooc.xdc] for cell 'U0'
Finished Parsing XDC File [/home/daniel/Masterthesis/GB_MASTER_UNIT/GB_MASTER_UNIT.gen/sources_1/bd/GB_UNIT_design/ip/GB_UNIT_design_axi_bram_ctrl_0_0/GB_UNIT_design_axi_bram_ctrl_0_0_ooc.xdc] for cell 'U0'
Parsing XDC File [/home/daniel/Masterthesis/GB_MASTER_UNIT/GB_MASTER_UNIT.runs/GB_UNIT_design_axi_bram_ctrl_0_0_synth_1/dont_touch.xdc]
Finished Parsing XDC File [/home/daniel/Masterthesis/GB_MASTER_UNIT/GB_MASTER_UNIT.runs/GB_UNIT_design_axi_bram_ctrl_0_0_synth_1/dont_touch.xdc]
Completed Processing XDC Constraints

Netlist sorting complete. Time (s): cpu = 00:00:00 ; elapsed = 00:00:00 . Memory (MB): peak = 3067.090 ; gain = 0.000 ; free physical = 132 ; free virtual = 3433
INFO: [Project 1-111] Unisim Transformation Summary:
  A total of 5 instances were transformed.
  FDR => FDRE: 1 instance 
  MUXCY_L => MUXCY: 4 instances

Constraint Validation Runtime : Time (s): cpu = 00:00:00.03 ; elapsed = 00:00:00.04 . Memory (MB): peak = 3067.090 ; gain = 0.000 ; free physical = 130 ; free virtual = 3433
INFO: [Designutils 20-5008] Incremental synthesis strategy off
---------------------------------------------------------------------------------
Finished Constraint Validation : Time (s): cpu = 00:00:12 ; elapsed = 00:00:13 . Memory (MB): peak = 3067.090 ; gain = 625.301 ; free physical = 123 ; free virtual = 3427
---------------------------------------------------------------------------------
---------------------------------------------------------------------------------
Start Loading Part and Timing Information
---------------------------------------------------------------------------------
Loading part: xc7z020clg400-1
---------------------------------------------------------------------------------
Finished Loading Part and Timing Information : Time (s): cpu = 00:00:12 ; elapsed = 00:00:13 . Memory (MB): peak = 3067.090 ; gain = 625.301 ; free physical = 123 ; free virtual = 3427
---------------------------------------------------------------------------------
---------------------------------------------------------------------------------
Start Applying 'set_property' XDC Constraints
---------------------------------------------------------------------------------
Applied set_property KEEP_HIERARCHY = SOFT for U0. (constraint file  /home/daniel/Masterthesis/GB_MASTER_UNIT/GB_MASTER_UNIT.runs/GB_UNIT_design_axi_bram_ctrl_0_0_synth_1/dont_touch.xdc, line 9).
---------------------------------------------------------------------------------
Finished applying 'set_property' XDC Constraints : Time (s): cpu = 00:00:12 ; elapsed = 00:00:13 . Memory (MB): peak = 3067.090 ; gain = 625.301 ; free physical = 123 ; free virtual = 3427
---------------------------------------------------------------------------------
INFO: [Synth 8-802] inferred FSM for state register 'arb_sm_cs_reg' in module 'sng_port_arb'
INFO: [Synth 8-802] inferred FSM for state register 'GEN_WDATA_SM_NO_ECC_SNG_REG_WREADY.wr_data_sng_sm_cs_reg' in module 'wr_chnl'
INFO: [Synth 8-802] inferred FSM for state register 'GEN_NO_RD_CMD_OPT.rd_data_sm_cs_reg' in module 'rd_chnl'
INFO: [Synth 8-802] inferred FSM for state register 'GEN_NO_RD_CMD_OPT.rlast_sm_cs_reg' in module 'rd_chnl'
---------------------------------------------------------------------------------------------------
                   State |                     New Encoding |                Previous Encoding 
---------------------------------------------------------------------------------------------------
                    idle |                               00 |                               00
                 wr_data |                               01 |                               10
                 rd_data |                               10 |                               01
---------------------------------------------------------------------------------------------------
INFO: [Synth 8-3354] encoded FSM with state register 'arb_sm_cs_reg' using encoding 'sequential' in module 'sng_port_arb'
---------------------------------------------------------------------------------------------------
                   State |                     New Encoding |                Previous Encoding 
---------------------------------------------------------------------------------------------------
                    idle |                              001 |                               00
            brst_wr_data |                              010 |                               10
             sng_wr_data |                              100 |                               01
---------------------------------------------------------------------------------------------------
INFO: [Synth 8-3354] encoded FSM with state register 'GEN_WDATA_SM_NO_ECC_SNG_REG_WREADY.wr_data_sng_sm_cs_reg' using encoding 'one-hot' in module 'wr_chnl'
---------------------------------------------------------------------------------------------------
                   State |                     New Encoding |                Previous Encoding 
---------------------------------------------------------------------------------------------------
                    idle |                             0000 |                             0000
                sng_addr |                             0001 |                             0011
                sec_addr |                             0010 |                             0100
               full_pipe |                             0011 |                             0101
           full_throttle |                             0100 |                             0110
               last_addr |                             0101 |                             0111
           last_throttle |                             0110 |                             1000
               last_data |                             0111 |                             1001
       last_data_ar_pend |                             1000 |                             1010
---------------------------------------------------------------------------------------------------
INFO: [Synth 8-3354] encoded FSM with state register 'GEN_NO_RD_CMD_OPT.rd_data_sm_cs_reg' using encoding 'sequential' in module 'rd_chnl'
---------------------------------------------------------------------------------------------------
                   State |                     New Encoding |                Previous Encoding 
---------------------------------------------------------------------------------------------------
                    idle |                              000 |                              000
          w8_throttle_b2 |                              001 |                              101
             w8_throttle |                              010 |                              010
        w8_2nd_last_data |                              011 |                              011
            w8_last_data |                              100 |                              100
---------------------------------------------------------------------------------------------------
INFO: [Synth 8-3354] encoded FSM with state register 'GEN_NO_RD_CMD_OPT.rlast_sm_cs_reg' using encoding 'sequential' in module 'rd_chnl'
---------------------------------------------------------------------------------
Finished RTL Optimization Phase 2 : Time (s): cpu = 00:00:13 ; elapsed = 00:00:14 . Memory (MB): peak = 3067.090 ; gain = 625.301 ; free physical = 139 ; free virtual = 3424
---------------------------------------------------------------------------------
---------------------------------------------------------------------------------
Start RTL Component Statistics 
---------------------------------------------------------------------------------
Detailed RTL Component Info : 
+---Adders : 
	   2 Input   10 Bit       Adders := 1     
	   2 Input    8 Bit       Adders := 1     
	   2 Input    3 Bit       Adders := 1     
+---XORs : 
	   2 Input      1 Bit         XORs := 4     
+---Registers : 
	               32 Bit    Registers := 1     
	               11 Bit    Registers := 1     
	               10 Bit    Registers := 2     
	                8 Bit    Registers := 1     
	                4 Bit    Registers := 1     
	                3 Bit    Registers := 3     
	                2 Bit    Registers := 2     
	                1 Bit    Registers := 106   
+---Muxes : 
	   2 Input   32 Bit        Muxes := 1     
	   5 Input   11 Bit        Muxes := 2     
	   2 Input   11 Bit        Muxes := 5     
	   2 Input    8 Bit        Muxes := 2     
	   9 Input    4 Bit        Muxes := 1     
	   2 Input    4 Bit        Muxes := 10    
	   8 Input    3 Bit        Muxes := 2     
	   3 Input    3 Bit        Muxes := 1     
	   2 Input    3 Bit        Muxes := 4     
	   5 Input    3 Bit        Muxes := 1     
	   3 Input    2 Bit        Muxes := 3     
	   2 Input    2 Bit        Muxes := 5     
	   4 Input    2 Bit        Muxes := 2     
	   2 Input    1 Bit        Muxes := 52    
	   3 Input    1 Bit        Muxes := 16    
	   9 Input    1 Bit        Muxes := 19    
	   5 Input    1 Bit        Muxes := 2     
---------------------------------------------------------------------------------
Finished RTL Component Statistics 
---------------------------------------------------------------------------------
---------------------------------------------------------------------------------
Start Part Resource Summary
---------------------------------------------------------------------------------
Part Resources:
DSPs: 220 (col length:60)
BRAMs: 280 (col length: RAMB18 60 RAMB36 30)
---------------------------------------------------------------------------------
Finished Part Resource Summary
---------------------------------------------------------------------------------
---------------------------------------------------------------------------------
Start Cross Boundary and Area Optimization
---------------------------------------------------------------------------------
WARNING: [Synth 8-7080] Parallel synthesis criteria is not met
INFO: [Synth 8-3332] Sequential element (gext_inst.abcv4_0_ext_inst/GEN_AXI4.I_FULL_AXI/I_WR_CHNL/BID_FIFO/Data_Exists_DFF) is unused and will be removed from module axi_bram_ctrl.
INFO: [Synth 8-3332] Sequential element (gext_inst.abcv4_0_ext_inst/GEN_AXI4.I_FULL_AXI/I_WR_CHNL/BID_FIFO/Addr_Counters[0].FDRE_I) is unused and will be removed from module axi_bram_ctrl.
INFO: [Synth 8-3332] Sequential element (gext_inst.abcv4_0_ext_inst/GEN_AXI4.I_FULL_AXI/I_WR_CHNL/BID_FIFO/Addr_Counters[1].FDRE_I) is unused and will be removed from module axi_bram_ctrl.
INFO: [Synth 8-3332] Sequential element (gext_inst.abcv4_0_ext_inst/GEN_AXI4.I_FULL_AXI/I_WR_CHNL/BID_FIFO/Addr_Counters[2].FDRE_I) is unused and will be removed from module axi_bram_ctrl.
INFO: [Synth 8-3332] Sequential element (gext_inst.abcv4_0_ext_inst/GEN_AXI4.I_FULL_AXI/I_WR_CHNL/BID_FIFO/Addr_Counters[3].FDRE_I) is unused and will be removed from module axi_bram_ctrl.
---------------------------------------------------------------------------------
Finished Cross Boundary and Area Optimization : Time (s): cpu = 00:00:15 ; elapsed = 00:00:15 . Memory (MB): peak = 3067.090 ; gain = 625.301 ; free physical = 124 ; free virtual = 3411
---------------------------------------------------------------------------------
---------------------------------------------------------------------------------
Start Applying XDC Timing Constraints
---------------------------------------------------------------------------------
---------------------------------------------------------------------------------
Finished Applying XDC Timing Constraints : Time (s): cpu = 00:00:19 ; elapsed = 00:00:20 . Memory (MB): peak = 3067.090 ; gain = 625.301 ; free physical = 136 ; free virtual = 3405
---------------------------------------------------------------------------------
---------------------------------------------------------------------------------
Start Timing Optimization
---------------------------------------------------------------------------------
---------------------------------------------------------------------------------
Finished Timing Optimization : Time (s): cpu = 00:00:20 ; elapsed = 00:00:21 . Memory (MB): peak = 3067.090 ; gain = 625.301 ; free physical = 146 ; free virtual = 3408
---------------------------------------------------------------------------------
---------------------------------------------------------------------------------
Start Technology Mapping
---------------------------------------------------------------------------------
---------------------------------------------------------------------------------
Finished Technology Mapping : Time (s): cpu = 00:00:20 ; elapsed = 00:00:21 . Memory (MB): peak = 3067.090 ; gain = 625.301 ; free physical = 146 ; free virtual = 3409
---------------------------------------------------------------------------------
---------------------------------------------------------------------------------
Start IO Insertion
---------------------------------------------------------------------------------
---------------------------------------------------------------------------------
Start Flattening Before IO Insertion
---------------------------------------------------------------------------------
---------------------------------------------------------------------------------
Finished Flattening Before IO Insertion
---------------------------------------------------------------------------------
---------------------------------------------------------------------------------
Start Final Netlist Cleanup
---------------------------------------------------------------------------------
---------------------------------------------------------------------------------
Finished Final Netlist Cleanup
---------------------------------------------------------------------------------
---------------------------------------------------------------------------------
Finished IO Insertion : Time (s): cpu = 00:00:24 ; elapsed = 00:00:24 . Memory (MB): peak = 3067.090 ; gain = 625.301 ; free physical = 133 ; free virtual = 3408
---------------------------------------------------------------------------------
---------------------------------------------------------------------------------
Start Renaming Generated Instances
---------------------------------------------------------------------------------
---------------------------------------------------------------------------------
Finished Renaming Generated Instances : Time (s): cpu = 00:00:24 ; elapsed = 00:00:24 . Memory (MB): peak = 3067.090 ; gain = 625.301 ; free physical = 133 ; free virtual = 3408
---------------------------------------------------------------------------------
---------------------------------------------------------------------------------
Start Rebuilding User Hierarchy
---------------------------------------------------------------------------------
---------------------------------------------------------------------------------
Finished Rebuilding User Hierarchy : Time (s): cpu = 00:00:24 ; elapsed = 00:00:24 . Memory (MB): peak = 3067.090 ; gain = 625.301 ; free physical = 132 ; free virtual = 3409
---------------------------------------------------------------------------------
---------------------------------------------------------------------------------
Start Renaming Generated Ports
---------------------------------------------------------------------------------
---------------------------------------------------------------------------------
Finished Renaming Generated Ports : Time (s): cpu = 00:00:24 ; elapsed = 00:00:24 . Memory (MB): peak = 3067.090 ; gain = 625.301 ; free physical = 125 ; free virtual = 3409
---------------------------------------------------------------------------------
---------------------------------------------------------------------------------
Start Handling Custom Attributes
---------------------------------------------------------------------------------
---------------------------------------------------------------------------------
Finished Handling Custom Attributes : Time (s): cpu = 00:00:24 ; elapsed = 00:00:25 . Memory (MB): peak = 3067.090 ; gain = 625.301 ; free physical = 124 ; free virtual = 3408
---------------------------------------------------------------------------------
---------------------------------------------------------------------------------
Start Renaming Generated Nets
---------------------------------------------------------------------------------
---------------------------------------------------------------------------------
Finished Renaming Generated Nets : Time (s): cpu = 00:00:24 ; elapsed = 00:00:25 . Memory (MB): peak = 3067.090 ; gain = 625.301 ; free physical = 124 ; free virtual = 3408
---------------------------------------------------------------------------------
---------------------------------------------------------------------------------
Start Writing Synthesis Report
---------------------------------------------------------------------------------

Report BlackBoxes: 
+-+--------------+----------+
| |BlackBox name |Instances |
+-+--------------+----------+
+-+--------------+----------+

Report Cell Usage: 
+------+------+------+
|      |Cell  |Count |
+------+------+------+
|1     |LUT1  |     1|
|2     |LUT2  |    23|
|3     |LUT3  |    52|
|4     |LUT4  |    27|
|5     |LUT5  |    28|
|6     |LUT6  |   102|
|7     |MUXF7 |     1|
|8     |FDRE  |   196|
|9     |FDSE  |     1|
+------+------+------+
---------------------------------------------------------------------------------
Finished Writing Synthesis Report : Time (s): cpu = 00:00:24 ; elapsed = 00:00:25 . Memory (MB): peak = 3067.090 ; gain = 625.301 ; free physical = 124 ; free virtual = 3408
---------------------------------------------------------------------------------
Synthesis finished with 0 errors, 0 critical warnings and 164 warnings.
Synthesis Optimization Runtime : Time (s): cpu = 00:00:22 ; elapsed = 00:00:22 . Memory (MB): peak = 3067.090 ; gain = 479.551 ; free physical = 123 ; free virtual = 3408
Synthesis Optimization Complete : Time (s): cpu = 00:00:24 ; elapsed = 00:00:25 . Memory (MB): peak = 3067.090 ; gain = 625.301 ; free physical = 123 ; free virtual = 3408
INFO: [Project 1-571] Translating synthesized netlist
Netlist sorting complete. Time (s): cpu = 00:00:00.01 ; elapsed = 00:00:00.01 . Memory (MB): peak = 3067.090 ; gain = 0.000 ; free physical = 121 ; free virtual = 3409
INFO: [Netlist 29-17] Analyzing 1 Unisim elements for replacement
INFO: [Netlist 29-28] Unisim Transformation completed in 0 CPU seconds
INFO: [Project 1-570] Preparing netlist for logic optimization
INFO: [Opt 31-138] Pushed 0 inverter(s) to 0 load pin(s).
Netlist sorting complete. Time (s): cpu = 00:00:00 ; elapsed = 00:00:00 . Memory (MB): peak = 3067.090 ; gain = 0.000 ; free physical = 401 ; free virtual = 3685
INFO: [Project 1-111] Unisim Transformation Summary:
No Unisim elements were transformed.

Synth Design complete | Checksum: 8969c15d
INFO: [Common 17-83] Releasing license: Synthesis
77 Infos, 109 Warnings, 0 Critical Warnings and 0 Errors encountered.
synth_design completed successfully
synth_design: Time (s): cpu = 00:00:31 ; elapsed = 00:00:29 . Memory (MB): peak = 3067.090 ; gain = 966.863 ; free physical = 394 ; free virtual = 3684
INFO: [Common 17-2834] synth_design peak Physical Memory [PSS] (MB): overall = 2577.090; main = 2256.721; forked = 369.410
INFO: [Common 17-2834] synth_design peak Virtual Memory [VSS] (MB): overall = 4001.379; main = 3067.094; forked = 966.301
INFO: [Common 17-1381] The checkpoint '/home/daniel/Masterthesis/GB_MASTER_UNIT/GB_MASTER_UNIT.runs/GB_UNIT_design_axi_bram_ctrl_0_0_synth_1/GB_UNIT_design_axi_bram_ctrl_0_0.dcp' has been generated.
INFO: [Coretcl 2-1648] Added synthesis output to IP cache for IP GB_UNIT_design_axi_bram_ctrl_0_0, cache-ID = 70594d51bd793645
INFO: [Coretcl 2-1174] Renamed 8 cell refs.
INFO: [Common 17-1381] The checkpoint '/home/daniel/Masterthesis/GB_MASTER_UNIT/GB_MASTER_UNIT.runs/GB_UNIT_design_axi_bram_ctrl_0_0_synth_1/GB_UNIT_design_axi_bram_ctrl_0_0.dcp' has been generated.
INFO: [runtcl-4] Executing : report_utilization -file GB_UNIT_design_axi_bram_ctrl_0_0_utilization_synth.rpt -pb GB_UNIT_design_axi_bram_ctrl_0_0_utilization_synth.pb
INFO: [Common 17-206] Exiting Vivado at Fri Nov  3 11:36:06 2023...
